2024-08-10 13:34:01,564 INFO o.s.b.StartupInfoLogger [restartedMain] Starting ApexgrocerApplication using Java 17.0.10 with PID 17248 (C:\Users\srith\OneDrive\Desktop\market\spring-template-final - Copy\spring-template-final - Copy\Spring-Security-Template-V4\target\classes started by srith in C:\Users\srith\OneDrive\Desktop\market\spring-template-final - Copy\spring-template-final - Copy\Spring-Security-Template-V4)
2024-08-10 13:34:01,573 INFO o.s.b.SpringApplication [restartedMain] No active profile set, falling back to 1 default profile: "default"
2024-08-10 13:34:01,652 INFO o.s.b.l.DeferredLog [restartedMain] Devtools property defaults active! Set 'spring.devtools.add-properties' to 'false' to disable
2024-08-10 13:34:01,652 INFO o.s.b.l.DeferredLog [restartedMain] For additional web related logging consider setting the 'logging.level.web' property to 'DEBUG'
2024-08-10 13:34:03,140 INFO o.s.d.r.c.RepositoryConfigurationDelegate [restartedMain] Bootstrapping Spring Data JPA repositories in DEFAULT mode.
2024-08-10 13:34:03,280 INFO o.s.d.r.c.RepositoryConfigurationDelegate [restartedMain] Finished Spring Data repository scanning in 124 ms. Found 4 JPA repository interfaces.
2024-08-10 13:34:04,337 INFO o.s.b.w.e.t.TomcatWebServer [restartedMain] Tomcat initialized with port 8080 (http)
2024-08-10 13:34:04,352 INFO o.a.j.l.DirectJDKLog [restartedMain] Initializing ProtocolHandler ["http-nio-8080"]
2024-08-10 13:34:04,365 INFO o.a.j.l.DirectJDKLog [restartedMain] Starting service [Tomcat]
2024-08-10 13:34:04,372 INFO o.a.j.l.DirectJDKLog [restartedMain] Starting Servlet engine: [Apache Tomcat/10.1.26]
2024-08-10 13:34:04,472 INFO o.a.j.l.DirectJDKLog [restartedMain] Initializing Spring embedded WebApplicationContext
2024-08-10 13:34:04,478 INFO o.s.b.w.s.c.ServletWebServerApplicationContext [restartedMain] Root WebApplicationContext: initialization completed in 2824 ms
2024-08-10 13:34:04,731 INFO o.h.j.i.u.LogHelper [restartedMain] HHH000204: Processing PersistenceUnitInfo [name: default]
2024-08-10 13:34:04,836 INFO o.h.Version [restartedMain] HHH000412: Hibernate ORM core version 6.5.2.Final
2024-08-10 13:34:04,886 INFO o.h.c.i.RegionFactoryInitiator [restartedMain] HHH000026: Second-level cache disabled
2024-08-10 13:34:05,240 INFO o.s.o.j.p.SpringPersistenceUnitInfo [restartedMain] No LoadTimeWeaver setup: ignoring JPA class transformer
2024-08-10 13:34:05,285 INFO c.z.h.HikariDataSource [restartedMain] HikariPool-1 - Starting...
2024-08-10 13:34:05,690 INFO c.z.h.p.HikariPool [restartedMain] HikariPool-1 - Added connection com.mysql.cj.jdbc.ConnectionImpl@50ad174b
2024-08-10 13:34:05,715 INFO c.z.h.HikariDataSource [restartedMain] HikariPool-1 - Start completed.
2024-08-10 13:34:05,810 WARN o.h.e.j.d.i.DialectFactoryImpl [restartedMain] HHH90000025: MySQLDialect does not need to be specified explicitly using 'hibernate.dialect' (remove the property setting and it will be selected by default)
2024-08-10 13:34:07,237 INFO o.h.e.t.j.p.i.JtaPlatformInitiator [restartedMain] HHH000489: No JTA platform available (set 'hibernate.transaction.jta.platform' to enable JTA platform integration)
2024-08-10 13:34:07,384 INFO o.s.o.j.AbstractEntityManagerFactoryBean [restartedMain] Initialized JPA EntityManagerFactory for persistence unit 'default'
2024-08-10 13:34:08,062 INFO o.s.s.c.a.a.c.InitializeUserDetailsBeanManagerConfigurer$InitializeUserDetailsManagerConfigurer [restartedMain] Global AuthenticationManager configured with UserDetailsService bean with name userDetailsService
2024-08-10 13:34:08,285 WARN o.s.b.a.o.j.JpaBaseConfiguration$JpaWebConfiguration [restartedMain] spring.jpa.open-in-view is enabled by default. Therefore, database queries may be performed during view rendering. Explicitly configure spring.jpa.open-in-view to disable this warning
2024-08-10 13:34:08,830 DEBUG o.s.s.w.DefaultSecurityFilterChain [restartedMain] Will secure any request with filters: DisableEncodeUrlFilter, WebAsyncManagerIntegrationFilter, SecurityContextHolderFilter, HeaderWriterFilter, CorsFilter, LogoutFilter, JwtAuthenticationFilter, RequestCacheAwareFilter, SecurityContextHolderAwareRequestFilter, AnonymousAuthenticationFilter, SessionManagementFilter, ExceptionTranslationFilter, AuthorizationFilter
2024-08-10 13:34:09,222 INFO o.s.b.d.a.OptionalLiveReloadServer [restartedMain] LiveReload server is running on port 35729
2024-08-10 13:34:09,260 INFO o.a.j.l.DirectJDKLog [restartedMain] Starting ProtocolHandler ["http-nio-8080"]
2024-08-10 13:34:09,290 INFO o.s.b.w.e.t.TomcatWebServer [restartedMain] Tomcat started on port 8080 (http) with context path '/'
2024-08-10 13:34:09,310 INFO o.s.b.StartupInfoLogger [restartedMain] Started ApexgrocerApplication in 8.37 seconds (process running for 8.992)
2024-08-10 13:34:33,916 INFO o.a.j.l.DirectJDKLog [http-nio-8080-exec-2] Initializing Spring DispatcherServlet 'dispatcherServlet'
2024-08-10 13:34:33,916 INFO o.s.w.s.FrameworkServlet [http-nio-8080-exec-2] Initializing Servlet 'dispatcherServlet'
2024-08-10 13:34:33,920 INFO o.s.w.s.FrameworkServlet [http-nio-8080-exec-2] Completed initialization in 4 ms
2024-08-10 13:34:33,942 DEBUG o.s.s.w.FilterChainProxy [http-nio-8080-exec-2] Securing GET /?vscodeBrowserReqId=1723277073818
2024-08-10 13:34:33,960 DEBUG o.s.s.w.a.AnonymousAuthenticationFilter [http-nio-8080-exec-2] Set SecurityContextHolder to anonymous SecurityContext
2024-08-10 13:34:33,965 DEBUG o.s.s.w.a.Http403ForbiddenEntryPoint [http-nio-8080-exec-2] Pre-authenticated entry point called. Rejecting access
2024-08-10 13:34:33,992 DEBUG o.s.s.w.FilterChainProxy [http-nio-8080-exec-2] Securing GET /error?vscodeBrowserReqId=1723277073818
2024-08-10 13:34:33,993 DEBUG o.s.s.w.a.AnonymousAuthenticationFilter [http-nio-8080-exec-2] Set SecurityContextHolder to anonymous SecurityContext
2024-08-10 13:34:33,995 DEBUG o.s.s.w.a.Http403ForbiddenEntryPoint [http-nio-8080-exec-2] Pre-authenticated entry point called. Rejecting access
2024-08-10 13:34:47,690 DEBUG o.s.s.w.FilterChainProxy [http-nio-8080-exec-4] Securing GET /?vscodeBrowserReqId=1723277087669
2024-08-10 13:34:47,690 DEBUG o.s.s.w.a.AnonymousAuthenticationFilter [http-nio-8080-exec-4] Set SecurityContextHolder to anonymous SecurityContext
2024-08-10 13:34:47,690 DEBUG o.s.s.w.a.Http403ForbiddenEntryPoint [http-nio-8080-exec-4] Pre-authenticated entry point called. Rejecting access
2024-08-10 13:34:47,698 DEBUG o.s.s.w.FilterChainProxy [http-nio-8080-exec-4] Securing GET /error?vscodeBrowserReqId=1723277087669
2024-08-10 13:34:47,699 DEBUG o.s.s.w.a.AnonymousAuthenticationFilter [http-nio-8080-exec-4] Set SecurityContextHolder to anonymous SecurityContext
2024-08-10 13:34:47,700 DEBUG o.s.s.w.a.Http403ForbiddenEntryPoint [http-nio-8080-exec-4] Pre-authenticated entry point called. Rejecting access
2024-08-10 13:35:11,566 DEBUG o.s.s.w.FilterChainProxy [http-nio-8080-exec-6] Securing GET /?vscodeBrowserReqId=1723277073818
2024-08-10 13:35:11,566 DEBUG o.s.s.w.a.AnonymousAuthenticationFilter [http-nio-8080-exec-6] Set SecurityContextHolder to anonymous SecurityContext
2024-08-10 13:35:11,566 DEBUG o.s.s.w.a.Http403ForbiddenEntryPoint [http-nio-8080-exec-6] Pre-authenticated entry point called. Rejecting access
2024-08-10 13:35:11,571 DEBUG o.s.s.w.FilterChainProxy [http-nio-8080-exec-6] Securing GET /error?vscodeBrowserReqId=1723277073818
2024-08-10 13:35:11,572 DEBUG o.s.s.w.a.AnonymousAuthenticationFilter [http-nio-8080-exec-6] Set SecurityContextHolder to anonymous SecurityContext
2024-08-10 13:35:11,572 DEBUG o.s.s.w.a.Http403ForbiddenEntryPoint [http-nio-8080-exec-6] Pre-authenticated entry point called. Rejecting access
2024-08-10 13:35:19,141 INFO o.s.b.StartupInfoLogger [restartedMain] Starting ApexgrocerApplication using Java 17.0.10 with PID 12184 (C:\Users\srith\OneDrive\Desktop\market\spring-template-final - Copy\spring-template-final - Copy\Spring-Security-Template-V4\target\classes started by srith in C:\Users\srith\OneDrive\Desktop\market\spring-template-final - Copy\spring-template-final - Copy\Spring-Security-Template-V4)
2024-08-10 13:35:19,141 INFO o.s.b.SpringApplication [restartedMain] No active profile set, falling back to 1 default profile: "default"
2024-08-10 13:35:19,228 INFO o.s.b.l.DeferredLog [restartedMain] Devtools property defaults active! Set 'spring.devtools.add-properties' to 'false' to disable
2024-08-10 13:35:19,230 INFO o.s.b.l.DeferredLog [restartedMain] For additional web related logging consider setting the 'logging.level.web' property to 'DEBUG'
2024-08-10 13:35:20,855 INFO o.s.d.r.c.RepositoryConfigurationDelegate [restartedMain] Bootstrapping Spring Data JPA repositories in DEFAULT mode.
2024-08-10 13:35:20,945 INFO o.s.d.r.c.RepositoryConfigurationDelegate [restartedMain] Finished Spring Data repository scanning in 79 ms. Found 4 JPA repository interfaces.
2024-08-10 13:35:22,314 INFO o.s.b.w.e.t.TomcatWebServer [restartedMain] Tomcat initialized with port 8080 (http)
2024-08-10 13:35:22,337 INFO o.a.j.l.DirectJDKLog [restartedMain] Initializing ProtocolHandler ["http-nio-8080"]
2024-08-10 13:35:22,340 INFO o.a.j.l.DirectJDKLog [restartedMain] Starting service [Tomcat]
2024-08-10 13:35:22,340 INFO o.a.j.l.DirectJDKLog [restartedMain] Starting Servlet engine: [Apache Tomcat/10.1.26]
2024-08-10 13:35:22,480 INFO o.a.j.l.DirectJDKLog [restartedMain] Initializing Spring embedded WebApplicationContext
2024-08-10 13:35:22,491 INFO o.s.b.w.s.c.ServletWebServerApplicationContext [restartedMain] Root WebApplicationContext: initialization completed in 3253 ms
2024-08-10 13:35:22,872 INFO o.h.j.i.u.LogHelper [restartedMain] HHH000204: Processing PersistenceUnitInfo [name: default]
2024-08-10 13:35:23,290 INFO o.h.Version [restartedMain] HHH000412: Hibernate ORM core version 6.5.2.Final
2024-08-10 13:35:23,332 INFO o.h.c.i.RegionFactoryInitiator [restartedMain] HHH000026: Second-level cache disabled
2024-08-10 13:35:23,695 INFO o.s.o.j.p.SpringPersistenceUnitInfo [restartedMain] No LoadTimeWeaver setup: ignoring JPA class transformer
2024-08-10 13:35:23,742 INFO c.z.h.HikariDataSource [restartedMain] HikariPool-1 - Starting...
2024-08-10 13:35:24,230 INFO c.z.h.p.HikariPool [restartedMain] HikariPool-1 - Added connection com.mysql.cj.jdbc.ConnectionImpl@58b2fb0a
2024-08-10 13:35:24,238 INFO c.z.h.HikariDataSource [restartedMain] HikariPool-1 - Start completed.
2024-08-10 13:35:24,296 WARN o.h.e.j.d.i.DialectFactoryImpl [restartedMain] HHH90000025: MySQLDialect does not need to be specified explicitly using 'hibernate.dialect' (remove the property setting and it will be selected by default)
2024-08-10 13:35:25,473 INFO o.h.e.t.j.p.i.JtaPlatformInitiator [restartedMain] HHH000489: No JTA platform available (set 'hibernate.transaction.jta.platform' to enable JTA platform integration)
2024-08-10 13:35:25,590 INFO o.s.o.j.AbstractEntityManagerFactoryBean [restartedMain] Initialized JPA EntityManagerFactory for persistence unit 'default'
2024-08-10 13:35:26,160 INFO o.s.s.c.a.a.c.InitializeUserDetailsBeanManagerConfigurer$InitializeUserDetailsManagerConfigurer [restartedMain] Global AuthenticationManager configured with UserDetailsService bean with name userDetailsService
2024-08-10 13:35:26,393 WARN o.s.b.a.o.j.JpaBaseConfiguration$JpaWebConfiguration [restartedMain] spring.jpa.open-in-view is enabled by default. Therefore, database queries may be performed during view rendering. Explicitly configure spring.jpa.open-in-view to disable this warning
2024-08-10 13:35:26,925 DEBUG o.s.s.w.DefaultSecurityFilterChain [restartedMain] Will secure any request with filters: DisableEncodeUrlFilter, WebAsyncManagerIntegrationFilter, SecurityContextHolderFilter, HeaderWriterFilter, CorsFilter, LogoutFilter, JwtAuthenticationFilter, RequestCacheAwareFilter, SecurityContextHolderAwareRequestFilter, AnonymousAuthenticationFilter, SessionManagementFilter, ExceptionTranslationFilter, AuthorizationFilter
2024-08-10 13:35:27,350 INFO o.s.b.d.a.OptionalLiveReloadServer [restartedMain] LiveReload server is running on port 35729
2024-08-10 13:35:27,385 INFO o.a.j.l.DirectJDKLog [restartedMain] Starting ProtocolHandler ["http-nio-8080"]
2024-08-10 13:35:27,421 INFO o.s.b.w.e.t.TomcatWebServer [restartedMain] Tomcat started on port 8080 (http) with context path '/'
2024-08-10 13:35:27,591 INFO o.s.b.StartupInfoLogger [restartedMain] Started ApexgrocerApplication in 8.99 seconds (process running for 10.037)
2024-08-10 13:35:50,443 INFO o.a.j.l.DirectJDKLog [http-nio-8080-exec-3] Initializing Spring DispatcherServlet 'dispatcherServlet'
2024-08-10 13:35:50,453 INFO o.s.w.s.FrameworkServlet [http-nio-8080-exec-3] Initializing Servlet 'dispatcherServlet'
2024-08-10 13:35:50,454 INFO o.s.w.s.FrameworkServlet [http-nio-8080-exec-3] Completed initialization in 0 ms
2024-08-10 13:35:50,545 DEBUG o.s.s.w.FilterChainProxy [http-nio-8080-exec-3] Securing GET /swagger-ui/index.html
2024-08-10 13:35:50,597 DEBUG o.s.s.w.a.AnonymousAuthenticationFilter [http-nio-8080-exec-3] Set SecurityContextHolder to anonymous SecurityContext
2024-08-10 13:35:50,613 DEBUG o.s.s.w.FilterChainProxy [http-nio-8080-exec-3] Secured GET /swagger-ui/index.html
2024-08-10 13:35:50,759 DEBUG o.s.s.w.FilterChainProxy [http-nio-8080-exec-2] Securing GET /swagger-ui/swagger-ui.css
2024-08-10 13:35:50,761 DEBUG o.s.s.w.a.AnonymousAuthenticationFilter [http-nio-8080-exec-2] Set SecurityContextHolder to anonymous SecurityContext
2024-08-10 13:35:50,769 DEBUG o.s.s.w.FilterChainProxy [http-nio-8080-exec-5] Securing GET /swagger-ui/swagger-ui-bundle.js
2024-08-10 13:35:50,770 DEBUG o.s.s.w.FilterChainProxy [http-nio-8080-exec-6] Securing GET /swagger-ui/swagger-ui-standalone-preset.js
2024-08-10 13:35:50,770 DEBUG o.s.s.w.FilterChainProxy [http-nio-8080-exec-4] Securing GET /swagger-ui/index.css
2024-08-10 13:35:50,773 DEBUG o.s.s.w.FilterChainProxy [http-nio-8080-exec-7] Securing GET /swagger-ui/swagger-initializer.js
2024-08-10 13:35:50,773 DEBUG o.s.s.w.a.AnonymousAuthenticationFilter [http-nio-8080-exec-5] Set SecurityContextHolder to anonymous SecurityContext
2024-08-10 13:35:50,773 DEBUG o.s.s.w.a.AnonymousAuthenticationFilter [http-nio-8080-exec-6] Set SecurityContextHolder to anonymous SecurityContext
2024-08-10 13:35:50,780 DEBUG o.s.s.w.a.AnonymousAuthenticationFilter [http-nio-8080-exec-4] Set SecurityContextHolder to anonymous SecurityContext
2024-08-10 13:35:50,780 DEBUG o.s.s.w.a.AnonymousAuthenticationFilter [http-nio-8080-exec-7] Set SecurityContextHolder to anonymous SecurityContext
2024-08-10 13:35:50,780 DEBUG o.s.s.w.FilterChainProxy [http-nio-8080-exec-5] Secured GET /swagger-ui/swagger-ui-bundle.js
2024-08-10 13:35:50,780 DEBUG o.s.s.w.FilterChainProxy [http-nio-8080-exec-2] Secured GET /swagger-ui/swagger-ui.css
2024-08-10 13:35:50,780 DEBUG o.s.s.w.FilterChainProxy [http-nio-8080-exec-7] Secured GET /swagger-ui/swagger-initializer.js
2024-08-10 13:35:50,780 DEBUG o.s.s.w.FilterChainProxy [http-nio-8080-exec-4] Secured GET /swagger-ui/index.css
2024-08-10 13:35:50,785 DEBUG o.s.s.w.FilterChainProxy [http-nio-8080-exec-6] Secured GET /swagger-ui/swagger-ui-standalone-preset.js
2024-08-10 13:35:51,098 DEBUG o.s.s.w.FilterChainProxy [http-nio-8080-exec-8] Securing GET /v3/api-docs/swagger-config
2024-08-10 13:35:51,099 DEBUG o.s.s.w.a.AnonymousAuthenticationFilter [http-nio-8080-exec-8] Set SecurityContextHolder to anonymous SecurityContext
2024-08-10 13:35:51,100 DEBUG o.s.s.w.FilterChainProxy [http-nio-8080-exec-9] Securing GET /swagger-ui/favicon-32x32.png
2024-08-10 13:35:51,101 DEBUG o.s.s.w.FilterChainProxy [http-nio-8080-exec-8] Secured GET /v3/api-docs/swagger-config
2024-08-10 13:35:51,103 DEBUG o.s.s.w.a.AnonymousAuthenticationFilter [http-nio-8080-exec-9] Set SecurityContextHolder to anonymous SecurityContext
2024-08-10 13:35:51,109 DEBUG o.s.s.w.FilterChainProxy [http-nio-8080-exec-9] Secured GET /swagger-ui/favicon-32x32.png
2024-08-10 13:35:51,200 DEBUG o.s.s.w.FilterChainProxy [http-nio-8080-exec-10] Securing GET /v3/api-docs
2024-08-10 13:35:51,204 DEBUG o.s.s.w.a.AnonymousAuthenticationFilter [http-nio-8080-exec-10] Set SecurityContextHolder to anonymous SecurityContext
2024-08-10 13:35:51,206 DEBUG o.s.s.w.FilterChainProxy [http-nio-8080-exec-10] Secured GET /v3/api-docs
2024-08-10 13:35:53,776 INFO o.s.a.AbstractOpenApiResource [http-nio-8080-exec-10] Init duration for springdoc-openapi is: 2512 ms
2024-08-10 20:31:59,092 INFO o.s.b.StartupInfoLogger [restartedMain] Starting ApexgrocerApplication using Java 17.0.10 with PID 11456 (C:\Users\srith\OneDrive\Desktop\market\spring-template-final - Copy\spring-template-final - Copy\Spring-Security-Template-V4\target\classes started by srith in C:\Users\srith\OneDrive\Desktop\market\spring-template-final - Copy\spring-template-final - Copy\Spring-Security-Template-V4)
2024-08-10 20:31:59,097 INFO o.s.b.SpringApplication [restartedMain] No active profile set, falling back to 1 default profile: "default"
2024-08-10 20:31:59,168 INFO o.s.b.l.DeferredLog [restartedMain] Devtools property defaults active! Set 'spring.devtools.add-properties' to 'false' to disable
2024-08-10 20:31:59,171 INFO o.s.b.l.DeferredLog [restartedMain] For additional web related logging consider setting the 'logging.level.web' property to 'DEBUG'
2024-08-10 20:32:00,256 INFO o.s.d.r.c.RepositoryConfigurationDelegate [restartedMain] Bootstrapping Spring Data JPA repositories in DEFAULT mode.
2024-08-10 20:32:00,338 INFO o.s.d.r.c.RepositoryConfigurationDelegate [restartedMain] Finished Spring Data repository scanning in 70 ms. Found 4 JPA repository interfaces.
2024-08-10 20:32:00,979 INFO o.s.b.w.e.t.TomcatWebServer [restartedMain] Tomcat initialized with port 8080 (http)
2024-08-10 20:32:00,989 INFO o.a.j.l.DirectJDKLog [restartedMain] Initializing ProtocolHandler ["http-nio-8080"]
2024-08-10 20:32:00,993 INFO o.a.j.l.DirectJDKLog [restartedMain] Starting service [Tomcat]
2024-08-10 20:32:00,993 INFO o.a.j.l.DirectJDKLog [restartedMain] Starting Servlet engine: [Apache Tomcat/10.1.26]
2024-08-10 20:32:01,061 INFO o.a.j.l.DirectJDKLog [restartedMain] Initializing Spring embedded WebApplicationContext
2024-08-10 20:32:01,063 INFO o.s.b.w.s.c.ServletWebServerApplicationContext [restartedMain] Root WebApplicationContext: initialization completed in 1888 ms
2024-08-10 20:32:01,237 INFO o.h.j.i.u.LogHelper [restartedMain] HHH000204: Processing PersistenceUnitInfo [name: default]
2024-08-10 20:32:01,317 INFO o.h.Version [restartedMain] HHH000412: Hibernate ORM core version 6.5.2.Final
2024-08-10 20:32:01,352 INFO o.h.c.i.RegionFactoryInitiator [restartedMain] HHH000026: Second-level cache disabled
2024-08-10 20:32:01,632 INFO o.s.o.j.p.SpringPersistenceUnitInfo [restartedMain] No LoadTimeWeaver setup: ignoring JPA class transformer
2024-08-10 20:32:01,668 INFO c.z.h.HikariDataSource [restartedMain] HikariPool-1 - Starting...
2024-08-10 20:32:02,122 INFO c.z.h.p.HikariPool [restartedMain] HikariPool-1 - Added connection com.mysql.cj.jdbc.ConnectionImpl@2340ea12
2024-08-10 20:32:02,141 INFO c.z.h.HikariDataSource [restartedMain] HikariPool-1 - Start completed.
2024-08-10 20:32:02,242 WARN o.h.e.j.d.i.DialectFactoryImpl [restartedMain] HHH90000025: MySQLDialect does not need to be specified explicitly using 'hibernate.dialect' (remove the property setting and it will be selected by default)
2024-08-10 20:32:03,329 INFO o.h.e.t.j.p.i.JtaPlatformInitiator [restartedMain] HHH000489: No JTA platform available (set 'hibernate.transaction.jta.platform' to enable JTA platform integration)
2024-08-10 20:32:03,470 INFO o.s.o.j.AbstractEntityManagerFactoryBean [restartedMain] Initialized JPA EntityManagerFactory for persistence unit 'default'
2024-08-10 20:32:04,018 INFO o.s.s.c.a.a.c.InitializeUserDetailsBeanManagerConfigurer$InitializeUserDetailsManagerConfigurer [restartedMain] Global AuthenticationManager configured with UserDetailsService bean with name userDetailsService
2024-08-10 20:32:04,221 WARN o.s.b.a.o.j.JpaBaseConfiguration$JpaWebConfiguration [restartedMain] spring.jpa.open-in-view is enabled by default. Therefore, database queries may be performed during view rendering. Explicitly configure spring.jpa.open-in-view to disable this warning
2024-08-10 20:32:04,793 DEBUG o.s.s.w.DefaultSecurityFilterChain [restartedMain] Will secure any request with filters: DisableEncodeUrlFilter, WebAsyncManagerIntegrationFilter, SecurityContextHolderFilter, HeaderWriterFilter, CorsFilter, LogoutFilter, JwtAuthenticationFilter, RequestCacheAwareFilter, SecurityContextHolderAwareRequestFilter, AnonymousAuthenticationFilter, SessionManagementFilter, ExceptionTranslationFilter, AuthorizationFilter
2024-08-10 20:32:05,216 INFO o.s.b.d.a.OptionalLiveReloadServer [restartedMain] LiveReload server is running on port 35729
2024-08-10 20:32:05,251 INFO o.a.j.l.DirectJDKLog [restartedMain] Starting ProtocolHandler ["http-nio-8080"]
2024-08-10 20:32:05,277 INFO o.s.b.w.e.t.TomcatWebServer [restartedMain] Tomcat started on port 8080 (http) with context path '/'
2024-08-10 20:32:05,296 INFO o.s.b.StartupInfoLogger [restartedMain] Started ApexgrocerApplication in 6.809 seconds (process running for 7.49)
2024-08-10 21:18:14,738 INFO o.a.j.l.DirectJDKLog [http-nio-8080-exec-1] Initializing Spring DispatcherServlet 'dispatcherServlet'
2024-08-10 21:18:14,749 INFO o.s.w.s.FrameworkServlet [http-nio-8080-exec-1] Initializing Servlet 'dispatcherServlet'
2024-08-10 21:18:14,788 INFO o.s.w.s.FrameworkServlet [http-nio-8080-exec-1] Completed initialization in 38 ms
2024-08-10 21:18:14,846 DEBUG o.s.s.w.FilterChainProxy [http-nio-8080-exec-1] Securing OPTIONS /api/auth/register
2024-08-10 21:18:14,890 DEBUG o.s.s.w.FilterChainProxy [http-nio-8080-exec-3] Securing POST /api/auth/register
2024-08-10 21:18:14,906 DEBUG o.s.s.w.a.AnonymousAuthenticationFilter [http-nio-8080-exec-3] Set SecurityContextHolder to anonymous SecurityContext
2024-08-10 21:18:14,919 DEBUG o.s.s.w.FilterChainProxy [http-nio-8080-exec-3] Secured POST /api/auth/register
2024-08-10 21:28:54,317 DEBUG o.s.s.w.FilterChainProxy [http-nio-8080-exec-4] Securing OPTIONS /api/api/auth/login
2024-08-10 21:28:54,322 DEBUG o.s.s.w.FilterChainProxy [http-nio-8080-exec-5] Securing POST /api/api/auth/login
2024-08-10 21:28:54,324 DEBUG o.s.s.w.a.AnonymousAuthenticationFilter [http-nio-8080-exec-5] Set SecurityContextHolder to anonymous SecurityContext
2024-08-10 21:28:54,327 DEBUG o.s.s.w.a.Http403ForbiddenEntryPoint [http-nio-8080-exec-5] Pre-authenticated entry point called. Rejecting access
2024-08-10 21:28:54,339 DEBUG o.s.s.w.FilterChainProxy [http-nio-8080-exec-5] Securing POST /error
2024-08-10 21:28:54,340 DEBUG o.s.s.w.a.AnonymousAuthenticationFilter [http-nio-8080-exec-5] Set SecurityContextHolder to anonymous SecurityContext
2024-08-10 21:28:54,341 DEBUG o.s.s.w.a.Http403ForbiddenEntryPoint [http-nio-8080-exec-5] Pre-authenticated entry point called. Rejecting access
2024-08-10 21:29:23,251 DEBUG o.s.s.w.FilterChainProxy [http-nio-8080-exec-7] Securing OPTIONS /api/api/auth/login
2024-08-10 21:29:23,258 DEBUG o.s.s.w.FilterChainProxy [http-nio-8080-exec-8] Securing POST /api/api/auth/login
2024-08-10 21:29:23,259 DEBUG o.s.s.w.a.AnonymousAuthenticationFilter [http-nio-8080-exec-8] Set SecurityContextHolder to anonymous SecurityContext
2024-08-10 21:29:23,261 DEBUG o.s.s.w.a.Http403ForbiddenEntryPoint [http-nio-8080-exec-8] Pre-authenticated entry point called. Rejecting access
2024-08-10 21:29:23,262 DEBUG o.s.s.w.FilterChainProxy [http-nio-8080-exec-8] Securing POST /error
2024-08-10 21:29:23,263 DEBUG o.s.s.w.a.AnonymousAuthenticationFilter [http-nio-8080-exec-8] Set SecurityContextHolder to anonymous SecurityContext
2024-08-10 21:29:23,263 DEBUG o.s.s.w.a.Http403ForbiddenEntryPoint [http-nio-8080-exec-8] Pre-authenticated entry point called. Rejecting access
2024-08-10 21:29:25,330 DEBUG o.s.s.w.FilterChainProxy [http-nio-8080-exec-9] Securing POST /api/api/auth/login
2024-08-10 21:29:25,332 DEBUG o.s.s.w.a.AnonymousAuthenticationFilter [http-nio-8080-exec-9] Set SecurityContextHolder to anonymous SecurityContext
2024-08-10 21:29:25,332 DEBUG o.s.s.w.a.Http403ForbiddenEntryPoint [http-nio-8080-exec-9] Pre-authenticated entry point called. Rejecting access
2024-08-10 21:29:25,333 DEBUG o.s.s.w.FilterChainProxy [http-nio-8080-exec-9] Securing POST /error
2024-08-10 21:29:25,335 DEBUG o.s.s.w.a.AnonymousAuthenticationFilter [http-nio-8080-exec-9] Set SecurityContextHolder to anonymous SecurityContext
2024-08-10 21:29:25,336 DEBUG o.s.s.w.a.Http403ForbiddenEntryPoint [http-nio-8080-exec-9] Pre-authenticated entry point called. Rejecting access
2024-08-10 21:29:30,932 DEBUG o.s.s.w.FilterChainProxy [http-nio-8080-exec-10] Securing OPTIONS /api/api/auth/login
2024-08-10 21:29:30,941 DEBUG o.s.s.w.FilterChainProxy [http-nio-8080-exec-1] Securing POST /api/api/auth/login
2024-08-10 21:29:30,942 DEBUG o.s.s.w.a.AnonymousAuthenticationFilter [http-nio-8080-exec-1] Set SecurityContextHolder to anonymous SecurityContext
2024-08-10 21:29:30,944 DEBUG o.s.s.w.a.Http403ForbiddenEntryPoint [http-nio-8080-exec-1] Pre-authenticated entry point called. Rejecting access
2024-08-10 21:29:30,947 DEBUG o.s.s.w.FilterChainProxy [http-nio-8080-exec-1] Securing POST /error
2024-08-10 21:29:30,948 DEBUG o.s.s.w.a.AnonymousAuthenticationFilter [http-nio-8080-exec-1] Set SecurityContextHolder to anonymous SecurityContext
2024-08-10 21:29:30,951 DEBUG o.s.s.w.a.Http403ForbiddenEntryPoint [http-nio-8080-exec-1] Pre-authenticated entry point called. Rejecting access
2024-08-10 21:29:31,849 DEBUG o.s.s.w.FilterChainProxy [http-nio-8080-exec-3] Securing POST /api/api/auth/login
2024-08-10 21:29:31,851 DEBUG o.s.s.w.a.AnonymousAuthenticationFilter [http-nio-8080-exec-3] Set SecurityContextHolder to anonymous SecurityContext
2024-08-10 21:29:31,853 DEBUG o.s.s.w.a.Http403ForbiddenEntryPoint [http-nio-8080-exec-3] Pre-authenticated entry point called. Rejecting access
2024-08-10 21:29:31,855 DEBUG o.s.s.w.FilterChainProxy [http-nio-8080-exec-3] Securing POST /error
2024-08-10 21:29:31,856 DEBUG o.s.s.w.a.AnonymousAuthenticationFilter [http-nio-8080-exec-3] Set SecurityContextHolder to anonymous SecurityContext
2024-08-10 21:29:31,858 DEBUG o.s.s.w.a.Http403ForbiddenEntryPoint [http-nio-8080-exec-3] Pre-authenticated entry point called. Rejecting access
2024-08-10 21:33:39,321 DEBUG o.s.s.w.FilterChainProxy [http-nio-8080-exec-4] Securing OPTIONS /api/api/auth/login
2024-08-10 21:33:39,329 DEBUG o.s.s.w.FilterChainProxy [http-nio-8080-exec-5] Securing POST /api/api/auth/login
2024-08-10 21:33:39,332 DEBUG o.s.s.w.a.AnonymousAuthenticationFilter [http-nio-8080-exec-5] Set SecurityContextHolder to anonymous SecurityContext
2024-08-10 21:33:39,334 DEBUG o.s.s.w.a.Http403ForbiddenEntryPoint [http-nio-8080-exec-5] Pre-authenticated entry point called. Rejecting access
2024-08-10 21:33:39,335 DEBUG o.s.s.w.FilterChainProxy [http-nio-8080-exec-5] Securing POST /error
2024-08-10 21:33:39,336 DEBUG o.s.s.w.a.AnonymousAuthenticationFilter [http-nio-8080-exec-5] Set SecurityContextHolder to anonymous SecurityContext
2024-08-10 21:33:39,337 DEBUG o.s.s.w.a.Http403ForbiddenEntryPoint [http-nio-8080-exec-5] Pre-authenticated entry point called. Rejecting access
2024-08-10 21:33:59,033 DEBUG o.s.s.w.FilterChainProxy [http-nio-8080-exec-6] Securing OPTIONS /api/api/auth/login
2024-08-10 21:33:59,038 DEBUG o.s.s.w.FilterChainProxy [http-nio-8080-exec-7] Securing POST /api/api/auth/login
2024-08-10 21:33:59,040 DEBUG o.s.s.w.a.AnonymousAuthenticationFilter [http-nio-8080-exec-7] Set SecurityContextHolder to anonymous SecurityContext
2024-08-10 21:33:59,041 DEBUG o.s.s.w.a.Http403ForbiddenEntryPoint [http-nio-8080-exec-7] Pre-authenticated entry point called. Rejecting access
2024-08-10 21:33:59,042 DEBUG o.s.s.w.FilterChainProxy [http-nio-8080-exec-7] Securing POST /error
2024-08-10 21:33:59,042 DEBUG o.s.s.w.a.AnonymousAuthenticationFilter [http-nio-8080-exec-7] Set SecurityContextHolder to anonymous SecurityContext
2024-08-10 21:33:59,043 DEBUG o.s.s.w.a.Http403ForbiddenEntryPoint [http-nio-8080-exec-7] Pre-authenticated entry point called. Rejecting access
2024-08-10 21:35:59,116 DEBUG o.s.s.w.FilterChainProxy [http-nio-8080-exec-9] Securing OPTIONS /api/api/auth/login
2024-08-10 21:35:59,123 DEBUG o.s.s.w.FilterChainProxy [http-nio-8080-exec-10] Securing POST /api/api/auth/login
2024-08-10 21:35:59,124 DEBUG o.s.s.w.a.AnonymousAuthenticationFilter [http-nio-8080-exec-10] Set SecurityContextHolder to anonymous SecurityContext
2024-08-10 21:35:59,126 DEBUG o.s.s.w.a.Http403ForbiddenEntryPoint [http-nio-8080-exec-10] Pre-authenticated entry point called. Rejecting access
2024-08-10 21:35:59,128 DEBUG o.s.s.w.FilterChainProxy [http-nio-8080-exec-10] Securing POST /error
2024-08-10 21:35:59,130 DEBUG o.s.s.w.a.AnonymousAuthenticationFilter [http-nio-8080-exec-10] Set SecurityContextHolder to anonymous SecurityContext
2024-08-10 21:35:59,133 DEBUG o.s.s.w.a.Http403ForbiddenEntryPoint [http-nio-8080-exec-10] Pre-authenticated entry point called. Rejecting access
2024-08-10 21:36:18,822 DEBUG o.s.s.w.FilterChainProxy [http-nio-8080-exec-1] Securing OPTIONS /api/auth/register
2024-08-10 21:36:18,825 DEBUG o.s.s.w.FilterChainProxy [http-nio-8080-exec-3] Securing POST /api/auth/register
2024-08-10 21:36:18,826 DEBUG o.s.s.w.a.AnonymousAuthenticationFilter [http-nio-8080-exec-3] Set SecurityContextHolder to anonymous SecurityContext
2024-08-10 21:36:18,827 DEBUG o.s.s.w.FilterChainProxy [http-nio-8080-exec-3] Secured POST /api/auth/register
2024-08-10 21:36:29,734 DEBUG o.s.s.w.FilterChainProxy [http-nio-8080-exec-2] Securing OPTIONS /api/api/auth/login
2024-08-10 21:36:29,739 DEBUG o.s.s.w.FilterChainProxy [http-nio-8080-exec-4] Securing POST /api/api/auth/login
2024-08-10 21:36:29,741 DEBUG o.s.s.w.a.AnonymousAuthenticationFilter [http-nio-8080-exec-4] Set SecurityContextHolder to anonymous SecurityContext
2024-08-10 21:36:29,743 DEBUG o.s.s.w.a.Http403ForbiddenEntryPoint [http-nio-8080-exec-4] Pre-authenticated entry point called. Rejecting access
2024-08-10 21:36:29,747 DEBUG o.s.s.w.FilterChainProxy [http-nio-8080-exec-4] Securing POST /error
2024-08-10 21:36:29,751 DEBUG o.s.s.w.a.AnonymousAuthenticationFilter [http-nio-8080-exec-4] Set SecurityContextHolder to anonymous SecurityContext
2024-08-10 21:36:29,754 DEBUG o.s.s.w.a.Http403ForbiddenEntryPoint [http-nio-8080-exec-4] Pre-authenticated entry point called. Rejecting access
2024-08-10 21:37:28,364 DEBUG o.s.s.w.FilterChainProxy [http-nio-8080-exec-6] Securing OPTIONS /api/api/auth/login
2024-08-10 21:37:28,368 DEBUG o.s.s.w.FilterChainProxy [http-nio-8080-exec-7] Securing POST /api/api/auth/login
2024-08-10 21:37:28,369 DEBUG o.s.s.w.a.AnonymousAuthenticationFilter [http-nio-8080-exec-7] Set SecurityContextHolder to anonymous SecurityContext
2024-08-10 21:37:28,370 DEBUG o.s.s.w.a.Http403ForbiddenEntryPoint [http-nio-8080-exec-7] Pre-authenticated entry point called. Rejecting access
2024-08-10 21:37:28,372 DEBUG o.s.s.w.FilterChainProxy [http-nio-8080-exec-7] Securing POST /error
2024-08-10 21:37:28,374 DEBUG o.s.s.w.a.AnonymousAuthenticationFilter [http-nio-8080-exec-7] Set SecurityContextHolder to anonymous SecurityContext
2024-08-10 21:37:28,376 DEBUG o.s.s.w.a.Http403ForbiddenEntryPoint [http-nio-8080-exec-7] Pre-authenticated entry point called. Rejecting access
2024-08-10 21:38:57,610 DEBUG o.s.s.w.FilterChainProxy [http-nio-8080-exec-9] Securing OPTIONS /api/api/auth/login
2024-08-10 21:38:57,614 DEBUG o.s.s.w.FilterChainProxy [http-nio-8080-exec-10] Securing POST /api/api/auth/login
2024-08-10 21:38:57,615 DEBUG o.s.s.w.a.AnonymousAuthenticationFilter [http-nio-8080-exec-10] Set SecurityContextHolder to anonymous SecurityContext
2024-08-10 21:38:57,616 DEBUG o.s.s.w.a.Http403ForbiddenEntryPoint [http-nio-8080-exec-10] Pre-authenticated entry point called. Rejecting access
2024-08-10 21:38:57,617 DEBUG o.s.s.w.FilterChainProxy [http-nio-8080-exec-10] Securing POST /error
2024-08-10 21:38:57,618 DEBUG o.s.s.w.a.AnonymousAuthenticationFilter [http-nio-8080-exec-10] Set SecurityContextHolder to anonymous SecurityContext
2024-08-10 21:38:57,619 DEBUG o.s.s.w.a.Http403ForbiddenEntryPoint [http-nio-8080-exec-10] Pre-authenticated entry point called. Rejecting access
2024-08-10 21:39:15,392 DEBUG o.s.s.w.FilterChainProxy [http-nio-8080-exec-3] Securing OPTIONS /api/api/auth/login
2024-08-10 21:39:15,396 DEBUG o.s.s.w.FilterChainProxy [http-nio-8080-exec-2] Securing POST /api/api/auth/login
2024-08-10 21:39:15,399 DEBUG o.s.s.w.a.AnonymousAuthenticationFilter [http-nio-8080-exec-2] Set SecurityContextHolder to anonymous SecurityContext
2024-08-10 21:39:15,400 DEBUG o.s.s.w.a.Http403ForbiddenEntryPoint [http-nio-8080-exec-2] Pre-authenticated entry point called. Rejecting access
2024-08-10 21:39:15,403 DEBUG o.s.s.w.FilterChainProxy [http-nio-8080-exec-2] Securing POST /error
2024-08-10 21:39:15,404 DEBUG o.s.s.w.a.AnonymousAuthenticationFilter [http-nio-8080-exec-2] Set SecurityContextHolder to anonymous SecurityContext
2024-08-10 21:39:15,406 DEBUG o.s.s.w.a.Http403ForbiddenEntryPoint [http-nio-8080-exec-2] Pre-authenticated entry point called. Rejecting access
2024-08-10 21:40:53,521 DEBUG o.s.s.w.FilterChainProxy [http-nio-8080-exec-5] Securing OPTIONS /api/auth/login
2024-08-10 21:40:53,525 DEBUG o.s.s.w.FilterChainProxy [http-nio-8080-exec-6] Securing POST /api/auth/login
2024-08-10 21:40:53,526 DEBUG o.s.s.w.a.AnonymousAuthenticationFilter [http-nio-8080-exec-6] Set SecurityContextHolder to anonymous SecurityContext
2024-08-10 21:40:53,527 DEBUG o.s.s.w.FilterChainProxy [http-nio-8080-exec-6] Secured POST /api/auth/login
2024-08-10 21:40:53,753 DEBUG o.s.s.a.d.AbstractUserDetailsAuthenticationProvider [http-nio-8080-exec-6] Authenticated user
2024-08-10 21:44:14,955 DEBUG o.s.s.w.FilterChainProxy [http-nio-8080-exec-8] Securing OPTIONS /api/auth/register
2024-08-10 21:44:14,958 DEBUG o.s.s.w.FilterChainProxy [http-nio-8080-exec-9] Securing POST /api/auth/register
2024-08-10 21:44:14,961 DEBUG o.s.s.w.a.AnonymousAuthenticationFilter [http-nio-8080-exec-9] Set SecurityContextHolder to anonymous SecurityContext
2024-08-10 21:44:14,962 DEBUG o.s.s.w.FilterChainProxy [http-nio-8080-exec-9] Secured POST /api/auth/register
2024-08-10 21:44:32,937 DEBUG o.s.s.w.FilterChainProxy [http-nio-8080-exec-10] Securing OPTIONS /api/auth/login
2024-08-10 21:44:32,940 DEBUG o.s.s.w.FilterChainProxy [http-nio-8080-exec-1] Securing POST /api/auth/login
2024-08-10 21:44:32,941 DEBUG o.s.s.w.a.AnonymousAuthenticationFilter [http-nio-8080-exec-1] Set SecurityContextHolder to anonymous SecurityContext
2024-08-10 21:44:32,942 DEBUG o.s.s.w.FilterChainProxy [http-nio-8080-exec-1] Secured POST /api/auth/login
2024-08-10 21:44:33,050 DEBUG o.s.s.a.d.AbstractUserDetailsAuthenticationProvider [http-nio-8080-exec-1] Authenticated user
2024-08-10 21:47:14,474 DEBUG o.s.s.w.FilterChainProxy [http-nio-8080-exec-2] Securing OPTIONS /api/auth/login
2024-08-10 21:47:14,481 DEBUG o.s.s.w.FilterChainProxy [http-nio-8080-exec-4] Securing POST /api/auth/login
2024-08-10 21:47:14,483 DEBUG o.s.s.w.a.AnonymousAuthenticationFilter [http-nio-8080-exec-4] Set SecurityContextHolder to anonymous SecurityContext
2024-08-10 21:47:14,485 DEBUG o.s.s.w.FilterChainProxy [http-nio-8080-exec-4] Secured POST /api/auth/login
2024-08-10 21:47:14,596 DEBUG o.s.s.a.d.AbstractUserDetailsAuthenticationProvider [http-nio-8080-exec-4] Authenticated user
2024-08-10 21:49:02,483 DEBUG o.s.s.w.FilterChainProxy [http-nio-8080-exec-6] Securing OPTIONS /api/auth/login
2024-08-10 21:49:02,487 DEBUG o.s.s.w.FilterChainProxy [http-nio-8080-exec-7] Securing POST /api/auth/login
2024-08-10 21:49:02,489 DEBUG o.s.s.w.a.AnonymousAuthenticationFilter [http-nio-8080-exec-7] Set SecurityContextHolder to anonymous SecurityContext
2024-08-10 21:49:02,490 DEBUG o.s.s.w.FilterChainProxy [http-nio-8080-exec-7] Secured POST /api/auth/login
2024-08-10 21:49:02,607 DEBUG o.s.s.a.d.AbstractUserDetailsAuthenticationProvider [http-nio-8080-exec-7] Authenticated user
2024-08-10 21:49:40,214 DEBUG o.s.s.w.FilterChainProxy [http-nio-8080-exec-8] Securing GET /api/api/auth/login
2024-08-10 21:49:40,215 DEBUG o.s.s.w.a.AnonymousAuthenticationFilter [http-nio-8080-exec-8] Set SecurityContextHolder to anonymous SecurityContext
2024-08-10 21:49:40,217 DEBUG o.s.s.w.a.Http403ForbiddenEntryPoint [http-nio-8080-exec-8] Pre-authenticated entry point called. Rejecting access
2024-08-10 21:49:40,220 DEBUG o.s.s.w.FilterChainProxy [http-nio-8080-exec-8] Securing GET /error
2024-08-10 21:49:40,222 DEBUG o.s.s.w.a.AnonymousAuthenticationFilter [http-nio-8080-exec-8] Set SecurityContextHolder to anonymous SecurityContext
2024-08-10 21:49:40,222 DEBUG o.s.s.w.a.Http403ForbiddenEntryPoint [http-nio-8080-exec-8] Pre-authenticated entry point called. Rejecting access
2024-08-10 21:51:44,273 DEBUG o.s.s.w.FilterChainProxy [http-nio-8080-exec-3] Securing OPTIONS /api/api/auth/login
2024-08-10 21:51:44,278 DEBUG o.s.s.w.FilterChainProxy [http-nio-8080-exec-2] Securing POST /api/api/auth/login
2024-08-10 21:51:44,279 DEBUG o.s.s.w.a.AnonymousAuthenticationFilter [http-nio-8080-exec-2] Set SecurityContextHolder to anonymous SecurityContext
2024-08-10 21:51:44,280 DEBUG o.s.s.w.a.Http403ForbiddenEntryPoint [http-nio-8080-exec-2] Pre-authenticated entry point called. Rejecting access
2024-08-10 21:51:44,281 DEBUG o.s.s.w.FilterChainProxy [http-nio-8080-exec-2] Securing POST /error
2024-08-10 21:51:44,282 DEBUG o.s.s.w.a.AnonymousAuthenticationFilter [http-nio-8080-exec-2] Set SecurityContextHolder to anonymous SecurityContext
2024-08-10 21:51:44,283 DEBUG o.s.s.w.a.Http403ForbiddenEntryPoint [http-nio-8080-exec-2] Pre-authenticated entry point called. Rejecting access
2024-08-10 21:51:53,942 DEBUG o.s.s.w.FilterChainProxy [http-nio-8080-exec-4] Securing OPTIONS /api/auth/login
2024-08-10 21:51:53,946 DEBUG o.s.s.w.FilterChainProxy [http-nio-8080-exec-5] Securing POST /api/auth/login
2024-08-10 21:51:53,950 DEBUG o.s.s.w.a.AnonymousAuthenticationFilter [http-nio-8080-exec-5] Set SecurityContextHolder to anonymous SecurityContext
2024-08-10 21:51:53,952 DEBUG o.s.s.w.FilterChainProxy [http-nio-8080-exec-5] Secured POST /api/auth/login
2024-08-10 21:51:54,036 DEBUG o.s.s.a.d.AbstractUserDetailsAuthenticationProvider [http-nio-8080-exec-5] Authenticated user
2024-08-10 21:57:11,904 DEBUG o.s.s.w.FilterChainProxy [http-nio-8080-exec-7] Securing OPTIONS /api/auth/login
2024-08-10 21:57:11,911 DEBUG o.s.s.w.FilterChainProxy [http-nio-8080-exec-8] Securing POST /api/auth/login
2024-08-10 21:57:11,913 DEBUG o.s.s.w.a.AnonymousAuthenticationFilter [http-nio-8080-exec-8] Set SecurityContextHolder to anonymous SecurityContext
2024-08-10 21:57:11,914 DEBUG o.s.s.w.FilterChainProxy [http-nio-8080-exec-8] Secured POST /api/auth/login
2024-08-10 21:57:12,021 DEBUG o.s.s.a.d.AbstractUserDetailsAuthenticationProvider [http-nio-8080-exec-8] Authenticated user
