2024-08-11 14:22:49,109 INFO o.s.b.StartupInfoLogger [restartedMain] Starting ApexgrocerApplication using Java 17.0.10 with PID 3100 (C:\Users\srith\OneDrive\Desktop\market\spring-template-final - Copy\spring-template-final - Copy\Spring-Security-Template-V4\target\classes started by srith in C:\Users\srith\OneDrive\Desktop\market\spring-template-final - Copy\spring-template-final - Copy\Spring-Security-Template-V4)
2024-08-11 14:22:49,118 INFO o.s.b.SpringApplication [restartedMain] No active profile set, falling back to 1 default profile: "default"
2024-08-11 14:22:49,200 INFO o.s.b.l.DeferredLog [restartedMain] Devtools property defaults active! Set 'spring.devtools.add-properties' to 'false' to disable
2024-08-11 14:22:49,202 INFO o.s.b.l.DeferredLog [restartedMain] For additional web related logging consider setting the 'logging.level.web' property to 'DEBUG'
2024-08-11 14:22:50,832 INFO o.s.d.r.c.RepositoryConfigurationDelegate [restartedMain] Bootstrapping Spring Data JPA repositories in DEFAULT mode.
2024-08-11 14:22:51,004 INFO o.s.d.r.c.RepositoryConfigurationDelegate [restartedMain] Finished Spring Data repository scanning in 149 ms. Found 4 JPA repository interfaces.
2024-08-11 14:22:52,675 INFO o.s.b.w.e.t.TomcatWebServer [restartedMain] Tomcat initialized with port 8080 (http)
2024-08-11 14:22:52,699 INFO o.a.j.l.DirectJDKLog [restartedMain] Initializing ProtocolHandler ["http-nio-8080"]
2024-08-11 14:22:52,706 INFO o.a.j.l.DirectJDKLog [restartedMain] Starting service [Tomcat]
2024-08-11 14:22:52,707 INFO o.a.j.l.DirectJDKLog [restartedMain] Starting Servlet engine: [Apache Tomcat/10.1.26]
2024-08-11 14:22:52,823 INFO o.a.j.l.DirectJDKLog [restartedMain] Initializing Spring embedded WebApplicationContext
2024-08-11 14:22:52,825 INFO o.s.b.w.s.c.ServletWebServerApplicationContext [restartedMain] Root WebApplicationContext: initialization completed in 3620 ms
2024-08-11 14:22:53,040 INFO o.h.j.i.u.LogHelper [restartedMain] HHH000204: Processing PersistenceUnitInfo [name: default]
2024-08-11 14:22:53,189 INFO o.h.Version [restartedMain] HHH000412: Hibernate ORM core version 6.5.2.Final
2024-08-11 14:22:53,245 INFO o.h.c.i.RegionFactoryInitiator [restartedMain] HHH000026: Second-level cache disabled
2024-08-11 14:22:53,607 INFO o.s.o.j.p.SpringPersistenceUnitInfo [restartedMain] No LoadTimeWeaver setup: ignoring JPA class transformer
2024-08-11 14:22:53,662 INFO c.z.h.HikariDataSource [restartedMain] HikariPool-1 - Starting...
2024-08-11 14:22:54,061 INFO c.z.h.p.HikariPool [restartedMain] HikariPool-1 - Added connection com.mysql.cj.jdbc.ConnectionImpl@635ca8d9
2024-08-11 14:22:54,064 INFO c.z.h.HikariDataSource [restartedMain] HikariPool-1 - Start completed.
2024-08-11 14:22:54,144 WARN o.h.e.j.d.i.DialectFactoryImpl [restartedMain] HHH90000025: MySQLDialect does not need to be specified explicitly using 'hibernate.dialect' (remove the property setting and it will be selected by default)
2024-08-11 14:22:55,416 INFO o.h.e.t.j.p.i.JtaPlatformInitiator [restartedMain] HHH000489: No JTA platform available (set 'hibernate.transaction.jta.platform' to enable JTA platform integration)
2024-08-11 14:22:55,543 INFO o.s.o.j.AbstractEntityManagerFactoryBean [restartedMain] Initialized JPA EntityManagerFactory for persistence unit 'default'
2024-08-11 14:22:56,193 INFO o.s.s.c.a.a.c.InitializeUserDetailsBeanManagerConfigurer$InitializeUserDetailsManagerConfigurer [restartedMain] Global AuthenticationManager configured with UserDetailsService bean with name userDetailsService
2024-08-11 14:22:56,514 WARN o.s.b.a.o.j.JpaBaseConfiguration$JpaWebConfiguration [restartedMain] spring.jpa.open-in-view is enabled by default. Therefore, database queries may be performed during view rendering. Explicitly configure spring.jpa.open-in-view to disable this warning
2024-08-11 14:22:57,055 DEBUG o.s.s.w.DefaultSecurityFilterChain [restartedMain] Will secure any request with filters: DisableEncodeUrlFilter, WebAsyncManagerIntegrationFilter, SecurityContextHolderFilter, HeaderWriterFilter, CorsFilter, LogoutFilter, JwtAuthenticationFilter, RequestCacheAwareFilter, SecurityContextHolderAwareRequestFilter, AnonymousAuthenticationFilter, SessionManagementFilter, ExceptionTranslationFilter, AuthorizationFilter
2024-08-11 14:22:57,470 INFO o.s.b.d.a.OptionalLiveReloadServer [restartedMain] LiveReload server is running on port 35729
2024-08-11 14:22:57,503 INFO o.a.j.l.DirectJDKLog [restartedMain] Starting ProtocolHandler ["http-nio-8080"]
2024-08-11 14:22:57,538 INFO o.s.b.w.e.t.TomcatWebServer [restartedMain] Tomcat started on port 8080 (http) with context path '/'
2024-08-11 14:22:57,556 INFO o.s.b.StartupInfoLogger [restartedMain] Started ApexgrocerApplication in 9.118 seconds (process running for 10.001)
2024-08-11 14:23:56,608 INFO o.a.j.l.DirectJDKLog [http-nio-8080-exec-1] Initializing Spring DispatcherServlet 'dispatcherServlet'
2024-08-11 14:23:56,608 INFO o.s.w.s.FrameworkServlet [http-nio-8080-exec-1] Initializing Servlet 'dispatcherServlet'
2024-08-11 14:23:56,613 INFO o.s.w.s.FrameworkServlet [http-nio-8080-exec-1] Completed initialization in 5 ms
2024-08-11 14:23:56,651 DEBUG o.s.s.w.FilterChainProxy [http-nio-8080-exec-1] Securing OPTIONS /api/auth/register
2024-08-11 14:23:56,702 DEBUG o.s.s.w.FilterChainProxy [http-nio-8080-exec-3] Securing POST /api/auth/register
2024-08-11 14:23:56,824 ERROR o.a.j.l.DirectJDKLog [http-nio-8080-exec-3] Servlet.service() for servlet [dispatcherServlet] in context with path [] threw exception
io.jsonwebtoken.ExpiredJwtException: JWT expired at 2024-08-10T16:37:16Z. Current time: 2024-08-11T08:53:56Z, a difference of 58600824 milliseconds.  Allowed clock skew: 0 milliseconds.
	at io.jsonwebtoken.impl.DefaultJwtParser.parse(DefaultJwtParser.java:427)
	at io.jsonwebtoken.impl.DefaultJwtParser.parse(DefaultJwtParser.java:529)
	at io.jsonwebtoken.impl.DefaultJwtParser.parseClaimsJws(DefaultJwtParser.java:589)
	at io.jsonwebtoken.impl.ImmutableJwtParser.parseClaimsJws(ImmutableJwtParser.java:173)
	at com.max.apexgrocer.config.JwtToken.extractAllClaims(JwtToken.java:36)
	at com.max.apexgrocer.config.JwtToken.extraClaim(JwtToken.java:31)
	at com.max.apexgrocer.config.JwtToken.extractUsername(JwtToken.java:23)
	at com.max.apexgrocer.config.JwtAuthenticationFilter.doFilterInternal(JwtAuthenticationFilter.java:41)
	at org.springframework.web.filter.OncePerRequestFilter.doFilter(OncePerRequestFilter.java:116)
	at org.springframework.security.web.FilterChainProxy$VirtualFilterChain.doFilter(FilterChainProxy.java:374)
	at org.springframework.security.web.authentication.logout.LogoutFilter.doFilter(LogoutFilter.java:107)
	at org.springframework.security.web.authentication.logout.LogoutFilter.doFilter(LogoutFilter.java:93)
	at org.springframework.security.web.FilterChainProxy$VirtualFilterChain.doFilter(FilterChainProxy.java:374)
	at org.springframework.web.filter.CorsFilter.doFilterInternal(CorsFilter.java:91)
	at org.springframework.web.filter.OncePerRequestFilter.doFilter(OncePerRequestFilter.java:116)
	at org.springframework.security.web.FilterChainProxy$VirtualFilterChain.doFilter(FilterChainProxy.java:374)
	at org.springframework.security.web.header.HeaderWriterFilter.doHeadersAfter(HeaderWriterFilter.java:90)
	at org.springframework.security.web.header.HeaderWriterFilter.doFilterInternal(HeaderWriterFilter.java:75)
	at org.springframework.web.filter.OncePerRequestFilter.doFilter(OncePerRequestFilter.java:116)
	at org.springframework.security.web.FilterChainProxy$VirtualFilterChain.doFilter(FilterChainProxy.java:374)
	at org.springframework.security.web.context.SecurityContextHolderFilter.doFilter(SecurityContextHolderFilter.java:82)
	at org.springframework.security.web.context.SecurityContextHolderFilter.doFilter(SecurityContextHolderFilter.java:69)
	at org.springframework.security.web.FilterChainProxy$VirtualFilterChain.doFilter(FilterChainProxy.java:374)
	at org.springframework.security.web.context.request.async.WebAsyncManagerIntegrationFilter.doFilterInternal(WebAsyncManagerIntegrationFilter.java:62)
	at org.springframework.web.filter.OncePerRequestFilter.doFilter(OncePerRequestFilter.java:116)
	at org.springframework.security.web.FilterChainProxy$VirtualFilterChain.doFilter(FilterChainProxy.java:374)
	at org.springframework.security.web.session.DisableEncodeUrlFilter.doFilterInternal(DisableEncodeUrlFilter.java:42)
	at org.springframework.web.filter.OncePerRequestFilter.doFilter(OncePerRequestFilter.java:116)
	at org.springframework.security.web.FilterChainProxy$VirtualFilterChain.doFilter(FilterChainProxy.java:374)
	at org.springframework.security.web.FilterChainProxy.doFilterInternal(FilterChainProxy.java:233)
	at org.springframework.security.web.FilterChainProxy.doFilter(FilterChainProxy.java:191)
	at org.springframework.web.filter.CompositeFilter$VirtualFilterChain.doFilter(CompositeFilter.java:113)
	at org.springframework.web.servlet.handler.HandlerMappingIntrospector.lambda$createCacheFilter$3(HandlerMappingIntrospector.java:195)
	at org.springframework.web.filter.CompositeFilter$VirtualFilterChain.doFilter(CompositeFilter.java:113)
	at org.springframework.web.filter.CompositeFilter.doFilter(CompositeFilter.java:74)
	at org.springframework.security.config.annotation.web.configuration.WebMvcSecurityConfiguration$CompositeFilterChainProxy.doFilter(WebMvcSecurityConfiguration.java:230)
	at org.springframework.web.filter.DelegatingFilterProxy.invokeDelegate(DelegatingFilterProxy.java:352)
	at org.springframework.web.filter.DelegatingFilterProxy.doFilter(DelegatingFilterProxy.java:268)
	at org.apache.catalina.core.ApplicationFilterChain.internalDoFilter(ApplicationFilterChain.java:164)
	at org.apache.catalina.core.ApplicationFilterChain.doFilter(ApplicationFilterChain.java:140)
	at org.springframework.web.filter.RequestContextFilter.doFilterInternal(RequestContextFilter.java:100)
	at org.springframework.web.filter.OncePerRequestFilter.doFilter(OncePerRequestFilter.java:116)
	at org.apache.catalina.core.ApplicationFilterChain.internalDoFilter(ApplicationFilterChain.java:164)
	at org.apache.catalina.core.ApplicationFilterChain.doFilter(ApplicationFilterChain.java:140)
	at org.springframework.web.filter.FormContentFilter.doFilterInternal(FormContentFilter.java:93)
	at org.springframework.web.filter.OncePerRequestFilter.doFilter(OncePerRequestFilter.java:116)
	at org.apache.catalina.core.ApplicationFilterChain.internalDoFilter(ApplicationFilterChain.java:164)
	at org.apache.catalina.core.ApplicationFilterChain.doFilter(ApplicationFilterChain.java:140)
	at org.springframework.web.filter.CharacterEncodingFilter.doFilterInternal(CharacterEncodingFilter.java:201)
	at org.springframework.web.filter.OncePerRequestFilter.doFilter(OncePerRequestFilter.java:116)
	at org.apache.catalina.core.ApplicationFilterChain.internalDoFilter(ApplicationFilterChain.java:164)
	at org.apache.catalina.core.ApplicationFilterChain.doFilter(ApplicationFilterChain.java:140)
	at org.apache.catalina.core.StandardWrapperValve.invoke(StandardWrapperValve.java:167)
	at org.apache.catalina.core.StandardContextValve.invoke(StandardContextValve.java:90)
	at org.apache.catalina.authenticator.AuthenticatorBase.invoke(AuthenticatorBase.java:483)
	at org.apache.catalina.core.StandardHostValve.invoke(StandardHostValve.java:115)
	at org.apache.catalina.valves.ErrorReportValve.invoke(ErrorReportValve.java:93)
	at org.apache.catalina.core.StandardEngineValve.invoke(StandardEngineValve.java:74)
	at org.apache.catalina.connector.CoyoteAdapter.service(CoyoteAdapter.java:344)
	at org.apache.coyote.http11.Http11Processor.service(Http11Processor.java:389)
	at org.apache.coyote.AbstractProcessorLight.process(AbstractProcessorLight.java:63)
	at org.apache.coyote.AbstractProtocol$ConnectionHandler.process(AbstractProtocol.java:904)
	at org.apache.tomcat.util.net.NioEndpoint$SocketProcessor.doRun(NioEndpoint.java:1741)
	at org.apache.tomcat.util.net.SocketProcessorBase.run(SocketProcessorBase.java:52)
	at org.apache.tomcat.util.threads.ThreadPoolExecutor.runWorker(ThreadPoolExecutor.java:1190)
	at org.apache.tomcat.util.threads.ThreadPoolExecutor$Worker.run(ThreadPoolExecutor.java:659)
	at org.apache.tomcat.util.threads.TaskThread$WrappingRunnable.run(TaskThread.java:63)
	at java.base/java.lang.Thread.run(Thread.java:842)
2024-08-11 14:23:56,872 DEBUG o.s.s.w.FilterChainProxy [http-nio-8080-exec-3] Securing POST /error
2024-08-11 14:23:56,885 DEBUG o.s.s.w.a.AnonymousAuthenticationFilter [http-nio-8080-exec-3] Set SecurityContextHolder to anonymous SecurityContext
2024-08-11 14:23:56,890 DEBUG o.s.s.w.a.Http403ForbiddenEntryPoint [http-nio-8080-exec-3] Pre-authenticated entry point called. Rejecting access
2024-08-11 14:24:01,062 DEBUG o.s.s.w.FilterChainProxy [http-nio-8080-exec-2] Securing POST /api/auth/register
2024-08-11 14:24:01,067 ERROR o.a.j.l.DirectJDKLog [http-nio-8080-exec-2] Servlet.service() for servlet [dispatcherServlet] in context with path [] threw exception
io.jsonwebtoken.ExpiredJwtException: JWT expired at 2024-08-10T16:37:16Z. Current time: 2024-08-11T08:54:01Z, a difference of 58605067 milliseconds.  Allowed clock skew: 0 milliseconds.
	at io.jsonwebtoken.impl.DefaultJwtParser.parse(DefaultJwtParser.java:427)
	at io.jsonwebtoken.impl.DefaultJwtParser.parse(DefaultJwtParser.java:529)
	at io.jsonwebtoken.impl.DefaultJwtParser.parseClaimsJws(DefaultJwtParser.java:589)
	at io.jsonwebtoken.impl.ImmutableJwtParser.parseClaimsJws(ImmutableJwtParser.java:173)
	at com.max.apexgrocer.config.JwtToken.extractAllClaims(JwtToken.java:36)
	at com.max.apexgrocer.config.JwtToken.extraClaim(JwtToken.java:31)
	at com.max.apexgrocer.config.JwtToken.extractUsername(JwtToken.java:23)
	at com.max.apexgrocer.config.JwtAuthenticationFilter.doFilterInternal(JwtAuthenticationFilter.java:41)
	at org.springframework.web.filter.OncePerRequestFilter.doFilter(OncePerRequestFilter.java:116)
	at org.springframework.security.web.FilterChainProxy$VirtualFilterChain.doFilter(FilterChainProxy.java:374)
	at org.springframework.security.web.authentication.logout.LogoutFilter.doFilter(LogoutFilter.java:107)
	at org.springframework.security.web.authentication.logout.LogoutFilter.doFilter(LogoutFilter.java:93)
	at org.springframework.security.web.FilterChainProxy$VirtualFilterChain.doFilter(FilterChainProxy.java:374)
	at org.springframework.web.filter.CorsFilter.doFilterInternal(CorsFilter.java:91)
	at org.springframework.web.filter.OncePerRequestFilter.doFilter(OncePerRequestFilter.java:116)
	at org.springframework.security.web.FilterChainProxy$VirtualFilterChain.doFilter(FilterChainProxy.java:374)
	at org.springframework.security.web.header.HeaderWriterFilter.doHeadersAfter(HeaderWriterFilter.java:90)
	at org.springframework.security.web.header.HeaderWriterFilter.doFilterInternal(HeaderWriterFilter.java:75)
	at org.springframework.web.filter.OncePerRequestFilter.doFilter(OncePerRequestFilter.java:116)
	at org.springframework.security.web.FilterChainProxy$VirtualFilterChain.doFilter(FilterChainProxy.java:374)
	at org.springframework.security.web.context.SecurityContextHolderFilter.doFilter(SecurityContextHolderFilter.java:82)
	at org.springframework.security.web.context.SecurityContextHolderFilter.doFilter(SecurityContextHolderFilter.java:69)
	at org.springframework.security.web.FilterChainProxy$VirtualFilterChain.doFilter(FilterChainProxy.java:374)
	at org.springframework.security.web.context.request.async.WebAsyncManagerIntegrationFilter.doFilterInternal(WebAsyncManagerIntegrationFilter.java:62)
	at org.springframework.web.filter.OncePerRequestFilter.doFilter(OncePerRequestFilter.java:116)
	at org.springframework.security.web.FilterChainProxy$VirtualFilterChain.doFilter(FilterChainProxy.java:374)
	at org.springframework.security.web.session.DisableEncodeUrlFilter.doFilterInternal(DisableEncodeUrlFilter.java:42)
	at org.springframework.web.filter.OncePerRequestFilter.doFilter(OncePerRequestFilter.java:116)
	at org.springframework.security.web.FilterChainProxy$VirtualFilterChain.doFilter(FilterChainProxy.java:374)
	at org.springframework.security.web.FilterChainProxy.doFilterInternal(FilterChainProxy.java:233)
	at org.springframework.security.web.FilterChainProxy.doFilter(FilterChainProxy.java:191)
	at org.springframework.web.filter.CompositeFilter$VirtualFilterChain.doFilter(CompositeFilter.java:113)
	at org.springframework.web.servlet.handler.HandlerMappingIntrospector.lambda$createCacheFilter$3(HandlerMappingIntrospector.java:195)
	at org.springframework.web.filter.CompositeFilter$VirtualFilterChain.doFilter(CompositeFilter.java:113)
	at org.springframework.web.filter.CompositeFilter.doFilter(CompositeFilter.java:74)
	at org.springframework.security.config.annotation.web.configuration.WebMvcSecurityConfiguration$CompositeFilterChainProxy.doFilter(WebMvcSecurityConfiguration.java:230)
	at org.springframework.web.filter.DelegatingFilterProxy.invokeDelegate(DelegatingFilterProxy.java:352)
	at org.springframework.web.filter.DelegatingFilterProxy.doFilter(DelegatingFilterProxy.java:268)
	at org.apache.catalina.core.ApplicationFilterChain.internalDoFilter(ApplicationFilterChain.java:164)
	at org.apache.catalina.core.ApplicationFilterChain.doFilter(ApplicationFilterChain.java:140)
	at org.springframework.web.filter.RequestContextFilter.doFilterInternal(RequestContextFilter.java:100)
	at org.springframework.web.filter.OncePerRequestFilter.doFilter(OncePerRequestFilter.java:116)
	at org.apache.catalina.core.ApplicationFilterChain.internalDoFilter(ApplicationFilterChain.java:164)
	at org.apache.catalina.core.ApplicationFilterChain.doFilter(ApplicationFilterChain.java:140)
	at org.springframework.web.filter.FormContentFilter.doFilterInternal(FormContentFilter.java:93)
	at org.springframework.web.filter.OncePerRequestFilter.doFilter(OncePerRequestFilter.java:116)
	at org.apache.catalina.core.ApplicationFilterChain.internalDoFilter(ApplicationFilterChain.java:164)
	at org.apache.catalina.core.ApplicationFilterChain.doFilter(ApplicationFilterChain.java:140)
	at org.springframework.web.filter.CharacterEncodingFilter.doFilterInternal(CharacterEncodingFilter.java:201)
	at org.springframework.web.filter.OncePerRequestFilter.doFilter(OncePerRequestFilter.java:116)
	at org.apache.catalina.core.ApplicationFilterChain.internalDoFilter(ApplicationFilterChain.java:164)
	at org.apache.catalina.core.ApplicationFilterChain.doFilter(ApplicationFilterChain.java:140)
	at org.apache.catalina.core.StandardWrapperValve.invoke(StandardWrapperValve.java:167)
	at org.apache.catalina.core.StandardContextValve.invoke(StandardContextValve.java:90)
	at org.apache.catalina.authenticator.AuthenticatorBase.invoke(AuthenticatorBase.java:483)
	at org.apache.catalina.core.StandardHostValve.invoke(StandardHostValve.java:115)
	at org.apache.catalina.valves.ErrorReportValve.invoke(ErrorReportValve.java:93)
	at org.apache.catalina.core.StandardEngineValve.invoke(StandardEngineValve.java:74)
	at org.apache.catalina.connector.CoyoteAdapter.service(CoyoteAdapter.java:344)
	at org.apache.coyote.http11.Http11Processor.service(Http11Processor.java:389)
	at org.apache.coyote.AbstractProcessorLight.process(AbstractProcessorLight.java:63)
	at org.apache.coyote.AbstractProtocol$ConnectionHandler.process(AbstractProtocol.java:904)
	at org.apache.tomcat.util.net.NioEndpoint$SocketProcessor.doRun(NioEndpoint.java:1741)
	at org.apache.tomcat.util.net.SocketProcessorBase.run(SocketProcessorBase.java:52)
	at org.apache.tomcat.util.threads.ThreadPoolExecutor.runWorker(ThreadPoolExecutor.java:1190)
	at org.apache.tomcat.util.threads.ThreadPoolExecutor$Worker.run(ThreadPoolExecutor.java:659)
	at org.apache.tomcat.util.threads.TaskThread$WrappingRunnable.run(TaskThread.java:63)
	at java.base/java.lang.Thread.run(Thread.java:842)
2024-08-11 14:24:01,095 DEBUG o.s.s.w.FilterChainProxy [http-nio-8080-exec-2] Securing POST /error
2024-08-11 14:24:01,095 DEBUG o.s.s.w.a.AnonymousAuthenticationFilter [http-nio-8080-exec-2] Set SecurityContextHolder to anonymous SecurityContext
2024-08-11 14:24:01,095 DEBUG o.s.s.w.a.Http403ForbiddenEntryPoint [http-nio-8080-exec-2] Pre-authenticated entry point called. Rejecting access
2024-08-11 14:24:33,322 DEBUG o.s.s.w.FilterChainProxy [http-nio-8080-exec-6] Securing OPTIONS /api/auth/register
2024-08-11 14:24:33,330 DEBUG o.s.s.w.FilterChainProxy [http-nio-8080-exec-5] Securing POST /api/auth/register
2024-08-11 14:24:33,335 ERROR o.a.j.l.DirectJDKLog [http-nio-8080-exec-5] Servlet.service() for servlet [dispatcherServlet] in context with path [] threw exception
io.jsonwebtoken.ExpiredJwtException: JWT expired at 2024-08-10T16:37:16Z. Current time: 2024-08-11T08:54:33Z, a difference of 58637335 milliseconds.  Allowed clock skew: 0 milliseconds.
	at io.jsonwebtoken.impl.DefaultJwtParser.parse(DefaultJwtParser.java:427)
	at io.jsonwebtoken.impl.DefaultJwtParser.parse(DefaultJwtParser.java:529)
	at io.jsonwebtoken.impl.DefaultJwtParser.parseClaimsJws(DefaultJwtParser.java:589)
	at io.jsonwebtoken.impl.ImmutableJwtParser.parseClaimsJws(ImmutableJwtParser.java:173)
	at com.max.apexgrocer.config.JwtToken.extractAllClaims(JwtToken.java:36)
	at com.max.apexgrocer.config.JwtToken.extraClaim(JwtToken.java:31)
	at com.max.apexgrocer.config.JwtToken.extractUsername(JwtToken.java:23)
	at com.max.apexgrocer.config.JwtAuthenticationFilter.doFilterInternal(JwtAuthenticationFilter.java:41)
	at org.springframework.web.filter.OncePerRequestFilter.doFilter(OncePerRequestFilter.java:116)
	at org.springframework.security.web.FilterChainProxy$VirtualFilterChain.doFilter(FilterChainProxy.java:374)
	at org.springframework.security.web.authentication.logout.LogoutFilter.doFilter(LogoutFilter.java:107)
	at org.springframework.security.web.authentication.logout.LogoutFilter.doFilter(LogoutFilter.java:93)
	at org.springframework.security.web.FilterChainProxy$VirtualFilterChain.doFilter(FilterChainProxy.java:374)
	at org.springframework.web.filter.CorsFilter.doFilterInternal(CorsFilter.java:91)
	at org.springframework.web.filter.OncePerRequestFilter.doFilter(OncePerRequestFilter.java:116)
	at org.springframework.security.web.FilterChainProxy$VirtualFilterChain.doFilter(FilterChainProxy.java:374)
	at org.springframework.security.web.header.HeaderWriterFilter.doHeadersAfter(HeaderWriterFilter.java:90)
	at org.springframework.security.web.header.HeaderWriterFilter.doFilterInternal(HeaderWriterFilter.java:75)
	at org.springframework.web.filter.OncePerRequestFilter.doFilter(OncePerRequestFilter.java:116)
	at org.springframework.security.web.FilterChainProxy$VirtualFilterChain.doFilter(FilterChainProxy.java:374)
	at org.springframework.security.web.context.SecurityContextHolderFilter.doFilter(SecurityContextHolderFilter.java:82)
	at org.springframework.security.web.context.SecurityContextHolderFilter.doFilter(SecurityContextHolderFilter.java:69)
	at org.springframework.security.web.FilterChainProxy$VirtualFilterChain.doFilter(FilterChainProxy.java:374)
	at org.springframework.security.web.context.request.async.WebAsyncManagerIntegrationFilter.doFilterInternal(WebAsyncManagerIntegrationFilter.java:62)
	at org.springframework.web.filter.OncePerRequestFilter.doFilter(OncePerRequestFilter.java:116)
	at org.springframework.security.web.FilterChainProxy$VirtualFilterChain.doFilter(FilterChainProxy.java:374)
	at org.springframework.security.web.session.DisableEncodeUrlFilter.doFilterInternal(DisableEncodeUrlFilter.java:42)
	at org.springframework.web.filter.OncePerRequestFilter.doFilter(OncePerRequestFilter.java:116)
	at org.springframework.security.web.FilterChainProxy$VirtualFilterChain.doFilter(FilterChainProxy.java:374)
	at org.springframework.security.web.FilterChainProxy.doFilterInternal(FilterChainProxy.java:233)
	at org.springframework.security.web.FilterChainProxy.doFilter(FilterChainProxy.java:191)
	at org.springframework.web.filter.CompositeFilter$VirtualFilterChain.doFilter(CompositeFilter.java:113)
	at org.springframework.web.servlet.handler.HandlerMappingIntrospector.lambda$createCacheFilter$3(HandlerMappingIntrospector.java:195)
	at org.springframework.web.filter.CompositeFilter$VirtualFilterChain.doFilter(CompositeFilter.java:113)
	at org.springframework.web.filter.CompositeFilter.doFilter(CompositeFilter.java:74)
	at org.springframework.security.config.annotation.web.configuration.WebMvcSecurityConfiguration$CompositeFilterChainProxy.doFilter(WebMvcSecurityConfiguration.java:230)
	at org.springframework.web.filter.DelegatingFilterProxy.invokeDelegate(DelegatingFilterProxy.java:352)
	at org.springframework.web.filter.DelegatingFilterProxy.doFilter(DelegatingFilterProxy.java:268)
	at org.apache.catalina.core.ApplicationFilterChain.internalDoFilter(ApplicationFilterChain.java:164)
	at org.apache.catalina.core.ApplicationFilterChain.doFilter(ApplicationFilterChain.java:140)
	at org.springframework.web.filter.RequestContextFilter.doFilterInternal(RequestContextFilter.java:100)
	at org.springframework.web.filter.OncePerRequestFilter.doFilter(OncePerRequestFilter.java:116)
	at org.apache.catalina.core.ApplicationFilterChain.internalDoFilter(ApplicationFilterChain.java:164)
	at org.apache.catalina.core.ApplicationFilterChain.doFilter(ApplicationFilterChain.java:140)
	at org.springframework.web.filter.FormContentFilter.doFilterInternal(FormContentFilter.java:93)
	at org.springframework.web.filter.OncePerRequestFilter.doFilter(OncePerRequestFilter.java:116)
	at org.apache.catalina.core.ApplicationFilterChain.internalDoFilter(ApplicationFilterChain.java:164)
	at org.apache.catalina.core.ApplicationFilterChain.doFilter(ApplicationFilterChain.java:140)
	at org.springframework.web.filter.CharacterEncodingFilter.doFilterInternal(CharacterEncodingFilter.java:201)
	at org.springframework.web.filter.OncePerRequestFilter.doFilter(OncePerRequestFilter.java:116)
	at org.apache.catalina.core.ApplicationFilterChain.internalDoFilter(ApplicationFilterChain.java:164)
	at org.apache.catalina.core.ApplicationFilterChain.doFilter(ApplicationFilterChain.java:140)
	at org.apache.catalina.core.StandardWrapperValve.invoke(StandardWrapperValve.java:167)
	at org.apache.catalina.core.StandardContextValve.invoke(StandardContextValve.java:90)
	at org.apache.catalina.authenticator.AuthenticatorBase.invoke(AuthenticatorBase.java:483)
	at org.apache.catalina.core.StandardHostValve.invoke(StandardHostValve.java:115)
	at org.apache.catalina.valves.ErrorReportValve.invoke(ErrorReportValve.java:93)
	at org.apache.catalina.core.StandardEngineValve.invoke(StandardEngineValve.java:74)
	at org.apache.catalina.connector.CoyoteAdapter.service(CoyoteAdapter.java:344)
	at org.apache.coyote.http11.Http11Processor.service(Http11Processor.java:389)
	at org.apache.coyote.AbstractProcessorLight.process(AbstractProcessorLight.java:63)
	at org.apache.coyote.AbstractProtocol$ConnectionHandler.process(AbstractProtocol.java:904)
	at org.apache.tomcat.util.net.NioEndpoint$SocketProcessor.doRun(NioEndpoint.java:1741)
	at org.apache.tomcat.util.net.SocketProcessorBase.run(SocketProcessorBase.java:52)
	at org.apache.tomcat.util.threads.ThreadPoolExecutor.runWorker(ThreadPoolExecutor.java:1190)
	at org.apache.tomcat.util.threads.ThreadPoolExecutor$Worker.run(ThreadPoolExecutor.java:659)
	at org.apache.tomcat.util.threads.TaskThread$WrappingRunnable.run(TaskThread.java:63)
	at java.base/java.lang.Thread.run(Thread.java:842)
2024-08-11 14:24:33,360 DEBUG o.s.s.w.FilterChainProxy [http-nio-8080-exec-5] Securing POST /error
2024-08-11 14:24:33,376 DEBUG o.s.s.w.a.AnonymousAuthenticationFilter [http-nio-8080-exec-5] Set SecurityContextHolder to anonymous SecurityContext
2024-08-11 14:24:33,393 DEBUG o.s.s.w.a.Http403ForbiddenEntryPoint [http-nio-8080-exec-5] Pre-authenticated entry point called. Rejecting access
2024-08-11 14:26:52,902 DEBUG o.s.s.w.FilterChainProxy [http-nio-8080-exec-9] Securing OPTIONS /api/auth/register
2024-08-11 14:26:52,909 DEBUG o.s.s.w.FilterChainProxy [http-nio-8080-exec-9] Securing POST /api/auth/register
2024-08-11 14:26:52,917 DEBUG o.s.s.w.a.AnonymousAuthenticationFilter [http-nio-8080-exec-9] Set SecurityContextHolder to anonymous SecurityContext
2024-08-11 14:26:52,924 DEBUG o.s.s.w.FilterChainProxy [http-nio-8080-exec-9] Secured POST /api/auth/register
2024-08-11 14:27:12,243 DEBUG o.s.s.w.FilterChainProxy [http-nio-8080-exec-7] Securing OPTIONS /api/auth/login
2024-08-11 14:27:12,251 DEBUG o.s.s.w.FilterChainProxy [http-nio-8080-exec-10] Securing POST /api/auth/login
2024-08-11 14:27:12,258 DEBUG o.s.s.w.a.AnonymousAuthenticationFilter [http-nio-8080-exec-10] Set SecurityContextHolder to anonymous SecurityContext
2024-08-11 14:27:12,260 DEBUG o.s.s.w.FilterChainProxy [http-nio-8080-exec-10] Secured POST /api/auth/login
2024-08-11 14:27:12,661 DEBUG o.s.s.a.d.AbstractUserDetailsAuthenticationProvider [http-nio-8080-exec-10] Failed to find user 'vis@gmail.com'
2024-08-11 14:27:12,671 DEBUG o.s.s.w.a.Http403ForbiddenEntryPoint [http-nio-8080-exec-10] Pre-authenticated entry point called. Rejecting access
2024-08-11 14:27:12,677 DEBUG o.s.s.w.FilterChainProxy [http-nio-8080-exec-10] Securing POST /error
2024-08-11 14:27:12,680 DEBUG o.s.s.w.a.AnonymousAuthenticationFilter [http-nio-8080-exec-10] Set SecurityContextHolder to anonymous SecurityContext
2024-08-11 14:27:12,685 DEBUG o.s.s.w.a.Http403ForbiddenEntryPoint [http-nio-8080-exec-10] Pre-authenticated entry point called. Rejecting access
2024-08-11 14:27:16,750 DEBUG o.s.s.w.FilterChainProxy [http-nio-8080-exec-1] Securing POST /api/auth/login
2024-08-11 14:27:16,750 DEBUG o.s.s.w.a.AnonymousAuthenticationFilter [http-nio-8080-exec-1] Set SecurityContextHolder to anonymous SecurityContext
2024-08-11 14:27:16,757 DEBUG o.s.s.w.FilterChainProxy [http-nio-8080-exec-1] Secured POST /api/auth/login
2024-08-11 14:27:16,902 DEBUG o.s.s.a.d.AbstractUserDetailsAuthenticationProvider [http-nio-8080-exec-1] Failed to find user 'vis@gmail.com'
2024-08-11 14:27:16,902 DEBUG o.s.s.w.a.Http403ForbiddenEntryPoint [http-nio-8080-exec-1] Pre-authenticated entry point called. Rejecting access
2024-08-11 14:27:16,910 DEBUG o.s.s.w.FilterChainProxy [http-nio-8080-exec-1] Securing POST /error
2024-08-11 14:27:16,914 DEBUG o.s.s.w.a.AnonymousAuthenticationFilter [http-nio-8080-exec-1] Set SecurityContextHolder to anonymous SecurityContext
2024-08-11 14:27:16,916 DEBUG o.s.s.w.a.Http403ForbiddenEntryPoint [http-nio-8080-exec-1] Pre-authenticated entry point called. Rejecting access
2024-08-11 14:27:20,863 DEBUG o.s.s.w.FilterChainProxy [http-nio-8080-exec-3] Securing OPTIONS /api/auth/login
2024-08-11 14:27:20,879 DEBUG o.s.s.w.FilterChainProxy [http-nio-8080-exec-2] Securing POST /api/auth/login
2024-08-11 14:27:20,887 DEBUG o.s.s.w.a.AnonymousAuthenticationFilter [http-nio-8080-exec-2] Set SecurityContextHolder to anonymous SecurityContext
2024-08-11 14:27:20,893 DEBUG o.s.s.w.FilterChainProxy [http-nio-8080-exec-2] Secured POST /api/auth/login
2024-08-11 14:27:21,146 DEBUG o.s.s.a.d.AbstractUserDetailsAuthenticationProvider [http-nio-8080-exec-2] Failed to find user 'vis@gmail.com'
2024-08-11 14:27:21,154 DEBUG o.s.s.w.a.Http403ForbiddenEntryPoint [http-nio-8080-exec-2] Pre-authenticated entry point called. Rejecting access
2024-08-11 14:27:21,158 DEBUG o.s.s.w.FilterChainProxy [http-nio-8080-exec-2] Securing POST /error
2024-08-11 14:27:21,158 DEBUG o.s.s.w.a.AnonymousAuthenticationFilter [http-nio-8080-exec-2] Set SecurityContextHolder to anonymous SecurityContext
2024-08-11 14:27:21,162 DEBUG o.s.s.w.a.Http403ForbiddenEntryPoint [http-nio-8080-exec-2] Pre-authenticated entry point called. Rejecting access
2024-08-11 14:28:07,925 DEBUG o.s.s.w.FilterChainProxy [http-nio-8080-exec-4] Securing OPTIONS /api/auth/login
2024-08-11 14:28:07,934 DEBUG o.s.s.w.FilterChainProxy [http-nio-8080-exec-6] Securing POST /api/auth/login
2024-08-11 14:28:07,937 DEBUG o.s.s.w.a.AnonymousAuthenticationFilter [http-nio-8080-exec-6] Set SecurityContextHolder to anonymous SecurityContext
2024-08-11 14:28:07,937 DEBUG o.s.s.w.FilterChainProxy [http-nio-8080-exec-6] Secured POST /api/auth/login
2024-08-11 14:28:08,171 DEBUG o.s.s.a.d.AbstractUserDetailsAuthenticationProvider [http-nio-8080-exec-6] Failed to find user 'vis@gmail.com'
2024-08-11 14:28:08,171 DEBUG o.s.s.w.a.Http403ForbiddenEntryPoint [http-nio-8080-exec-6] Pre-authenticated entry point called. Rejecting access
2024-08-11 14:28:08,171 DEBUG o.s.s.w.FilterChainProxy [http-nio-8080-exec-6] Securing POST /error
2024-08-11 14:28:08,179 DEBUG o.s.s.w.a.AnonymousAuthenticationFilter [http-nio-8080-exec-6] Set SecurityContextHolder to anonymous SecurityContext
2024-08-11 14:28:08,179 DEBUG o.s.s.w.a.Http403ForbiddenEntryPoint [http-nio-8080-exec-6] Pre-authenticated entry point called. Rejecting access
2024-08-11 14:28:09,019 DEBUG o.s.s.w.FilterChainProxy [http-nio-8080-exec-5] Securing POST /api/auth/login
2024-08-11 14:28:09,021 DEBUG o.s.s.w.a.AnonymousAuthenticationFilter [http-nio-8080-exec-5] Set SecurityContextHolder to anonymous SecurityContext
2024-08-11 14:28:09,021 DEBUG o.s.s.w.FilterChainProxy [http-nio-8080-exec-5] Secured POST /api/auth/login
2024-08-11 14:28:09,217 DEBUG o.s.s.w.FilterChainProxy [http-nio-8080-exec-8] Securing POST /api/auth/login
2024-08-11 14:28:09,217 DEBUG o.s.s.a.d.AbstractUserDetailsAuthenticationProvider [http-nio-8080-exec-5] Failed to find user 'vis@gmail.com'
2024-08-11 14:28:09,217 DEBUG o.s.s.w.a.AnonymousAuthenticationFilter [http-nio-8080-exec-8] Set SecurityContextHolder to anonymous SecurityContext
2024-08-11 14:28:09,217 DEBUG o.s.s.w.FilterChainProxy [http-nio-8080-exec-8] Secured POST /api/auth/login
2024-08-11 14:28:09,217 DEBUG o.s.s.w.a.Http403ForbiddenEntryPoint [http-nio-8080-exec-5] Pre-authenticated entry point called. Rejecting access
2024-08-11 14:28:09,226 DEBUG o.s.s.w.FilterChainProxy [http-nio-8080-exec-5] Securing POST /error
2024-08-11 14:28:09,226 DEBUG o.s.s.w.a.AnonymousAuthenticationFilter [http-nio-8080-exec-5] Set SecurityContextHolder to anonymous SecurityContext
2024-08-11 14:28:09,248 DEBUG o.s.s.w.a.Http403ForbiddenEntryPoint [http-nio-8080-exec-5] Pre-authenticated entry point called. Rejecting access
2024-08-11 14:28:09,436 DEBUG o.s.s.w.FilterChainProxy [http-nio-8080-exec-9] Securing POST /api/auth/login
2024-08-11 14:28:09,436 DEBUG o.s.s.a.d.AbstractUserDetailsAuthenticationProvider [http-nio-8080-exec-8] Failed to find user 'vis@gmail.com'
2024-08-11 14:28:09,442 DEBUG o.s.s.w.a.AnonymousAuthenticationFilter [http-nio-8080-exec-9] Set SecurityContextHolder to anonymous SecurityContext
2024-08-11 14:28:09,442 DEBUG o.s.s.w.FilterChainProxy [http-nio-8080-exec-9] Secured POST /api/auth/login
2024-08-11 14:28:09,442 DEBUG o.s.s.w.a.Http403ForbiddenEntryPoint [http-nio-8080-exec-8] Pre-authenticated entry point called. Rejecting access
2024-08-11 14:28:09,442 DEBUG o.s.s.w.FilterChainProxy [http-nio-8080-exec-8] Securing POST /error
2024-08-11 14:28:09,442 DEBUG o.s.s.w.a.AnonymousAuthenticationFilter [http-nio-8080-exec-8] Set SecurityContextHolder to anonymous SecurityContext
2024-08-11 14:28:09,455 DEBUG o.s.s.w.a.Http403ForbiddenEntryPoint [http-nio-8080-exec-8] Pre-authenticated entry point called. Rejecting access
2024-08-11 14:28:09,663 DEBUG o.s.s.a.d.AbstractUserDetailsAuthenticationProvider [http-nio-8080-exec-9] Failed to find user 'vis@gmail.com'
2024-08-11 14:28:09,663 DEBUG o.s.s.w.a.Http403ForbiddenEntryPoint [http-nio-8080-exec-9] Pre-authenticated entry point called. Rejecting access
2024-08-11 14:28:09,663 DEBUG o.s.s.w.FilterChainProxy [http-nio-8080-exec-9] Securing POST /error
2024-08-11 14:28:09,670 DEBUG o.s.s.w.a.AnonymousAuthenticationFilter [http-nio-8080-exec-9] Set SecurityContextHolder to anonymous SecurityContext
2024-08-11 14:28:09,671 DEBUG o.s.s.w.a.Http403ForbiddenEntryPoint [http-nio-8080-exec-9] Pre-authenticated entry point called. Rejecting access
2024-08-11 14:28:54,323 DEBUG o.s.s.w.FilterChainProxy [http-nio-8080-exec-1] Securing OPTIONS /api/auth/login
2024-08-11 14:28:54,331 DEBUG o.s.s.w.FilterChainProxy [http-nio-8080-exec-3] Securing POST /api/auth/login
2024-08-11 14:28:54,331 DEBUG o.s.s.w.a.AnonymousAuthenticationFilter [http-nio-8080-exec-3] Set SecurityContextHolder to anonymous SecurityContext
2024-08-11 14:28:54,331 DEBUG o.s.s.w.FilterChainProxy [http-nio-8080-exec-3] Secured POST /api/auth/login
2024-08-11 14:28:54,579 DEBUG o.s.s.a.d.AbstractUserDetailsAuthenticationProvider [http-nio-8080-exec-3] Failed to find user 'vis@gmail.com'
2024-08-11 14:28:54,586 DEBUG o.s.s.w.a.Http403ForbiddenEntryPoint [http-nio-8080-exec-3] Pre-authenticated entry point called. Rejecting access
2024-08-11 14:28:54,586 DEBUG o.s.s.w.FilterChainProxy [http-nio-8080-exec-3] Securing POST /error
2024-08-11 14:28:54,586 DEBUG o.s.s.w.a.AnonymousAuthenticationFilter [http-nio-8080-exec-3] Set SecurityContextHolder to anonymous SecurityContext
2024-08-11 14:28:54,586 DEBUG o.s.s.w.a.Http403ForbiddenEntryPoint [http-nio-8080-exec-3] Pre-authenticated entry point called. Rejecting access
2024-08-11 14:31:42,386 DEBUG o.s.s.w.FilterChainProxy [http-nio-8080-exec-4] Securing OPTIONS /api/auth/login
2024-08-11 14:31:42,396 DEBUG o.s.s.w.FilterChainProxy [http-nio-8080-exec-6] Securing POST /api/auth/login
2024-08-11 14:31:42,400 DEBUG o.s.s.w.a.AnonymousAuthenticationFilter [http-nio-8080-exec-6] Set SecurityContextHolder to anonymous SecurityContext
2024-08-11 14:31:42,402 DEBUG o.s.s.w.FilterChainProxy [http-nio-8080-exec-6] Secured POST /api/auth/login
2024-08-11 14:31:42,624 DEBUG o.s.s.a.d.AbstractUserDetailsAuthenticationProvider [http-nio-8080-exec-6] Failed to find user 'vis@gmail.com'
2024-08-11 14:31:42,625 DEBUG o.s.s.w.a.Http403ForbiddenEntryPoint [http-nio-8080-exec-6] Pre-authenticated entry point called. Rejecting access
2024-08-11 14:31:42,625 DEBUG o.s.s.w.FilterChainProxy [http-nio-8080-exec-6] Securing POST /error
2024-08-11 14:31:42,639 DEBUG o.s.s.w.a.AnonymousAuthenticationFilter [http-nio-8080-exec-6] Set SecurityContextHolder to anonymous SecurityContext
2024-08-11 14:31:42,639 DEBUG o.s.s.w.a.Http403ForbiddenEntryPoint [http-nio-8080-exec-6] Pre-authenticated entry point called. Rejecting access
2024-08-11 14:31:44,152 DEBUG o.s.s.w.FilterChainProxy [http-nio-8080-exec-5] Securing POST /api/auth/login
2024-08-11 14:31:44,155 DEBUG o.s.s.w.a.AnonymousAuthenticationFilter [http-nio-8080-exec-5] Set SecurityContextHolder to anonymous SecurityContext
2024-08-11 14:31:44,155 DEBUG o.s.s.w.FilterChainProxy [http-nio-8080-exec-5] Secured POST /api/auth/login
2024-08-11 14:31:44,376 DEBUG o.s.s.a.d.AbstractUserDetailsAuthenticationProvider [http-nio-8080-exec-5] Failed to find user 'vis@gmail.com'
2024-08-11 14:31:44,376 DEBUG o.s.s.w.a.Http403ForbiddenEntryPoint [http-nio-8080-exec-5] Pre-authenticated entry point called. Rejecting access
2024-08-11 14:31:44,385 DEBUG o.s.s.w.FilterChainProxy [http-nio-8080-exec-5] Securing POST /error
2024-08-11 14:31:44,385 DEBUG o.s.s.w.a.AnonymousAuthenticationFilter [http-nio-8080-exec-5] Set SecurityContextHolder to anonymous SecurityContext
2024-08-11 14:31:44,389 DEBUG o.s.s.w.a.Http403ForbiddenEntryPoint [http-nio-8080-exec-5] Pre-authenticated entry point called. Rejecting access
2024-08-11 14:31:45,743 DEBUG o.s.s.w.FilterChainProxy [http-nio-8080-exec-8] Securing POST /api/auth/login
2024-08-11 14:31:45,751 DEBUG o.s.s.w.a.AnonymousAuthenticationFilter [http-nio-8080-exec-8] Set SecurityContextHolder to anonymous SecurityContext
2024-08-11 14:31:45,756 DEBUG o.s.s.w.FilterChainProxy [http-nio-8080-exec-8] Secured POST /api/auth/login
2024-08-11 14:31:45,988 DEBUG o.s.s.a.d.AbstractUserDetailsAuthenticationProvider [http-nio-8080-exec-8] Failed to find user 'vis@gmail.com'
2024-08-11 14:31:45,996 DEBUG o.s.s.w.a.Http403ForbiddenEntryPoint [http-nio-8080-exec-8] Pre-authenticated entry point called. Rejecting access
2024-08-11 14:31:45,996 DEBUG o.s.s.w.FilterChainProxy [http-nio-8080-exec-8] Securing POST /error
2024-08-11 14:31:45,996 DEBUG o.s.s.w.a.AnonymousAuthenticationFilter [http-nio-8080-exec-8] Set SecurityContextHolder to anonymous SecurityContext
2024-08-11 14:31:46,004 DEBUG o.s.s.w.a.Http403ForbiddenEntryPoint [http-nio-8080-exec-8] Pre-authenticated entry point called. Rejecting access
2024-08-11 14:31:46,542 DEBUG o.s.s.w.FilterChainProxy [http-nio-8080-exec-9] Securing POST /api/auth/login
2024-08-11 14:31:46,542 DEBUG o.s.s.w.a.AnonymousAuthenticationFilter [http-nio-8080-exec-9] Set SecurityContextHolder to anonymous SecurityContext
2024-08-11 14:31:46,542 DEBUG o.s.s.w.FilterChainProxy [http-nio-8080-exec-9] Secured POST /api/auth/login
2024-08-11 14:31:46,723 DEBUG o.s.s.w.FilterChainProxy [http-nio-8080-exec-10] Securing POST /api/auth/login
2024-08-11 14:31:46,725 DEBUG o.s.s.w.a.AnonymousAuthenticationFilter [http-nio-8080-exec-10] Set SecurityContextHolder to anonymous SecurityContext
2024-08-11 14:31:46,725 DEBUG o.s.s.w.FilterChainProxy [http-nio-8080-exec-10] Secured POST /api/auth/login
2024-08-11 14:31:46,778 DEBUG o.s.s.a.d.AbstractUserDetailsAuthenticationProvider [http-nio-8080-exec-9] Failed to find user 'vis@gmail.com'
2024-08-11 14:31:46,787 DEBUG o.s.s.w.a.Http403ForbiddenEntryPoint [http-nio-8080-exec-9] Pre-authenticated entry point called. Rejecting access
2024-08-11 14:31:46,792 DEBUG o.s.s.w.FilterChainProxy [http-nio-8080-exec-9] Securing POST /error
2024-08-11 14:31:46,795 DEBUG o.s.s.w.a.AnonymousAuthenticationFilter [http-nio-8080-exec-9] Set SecurityContextHolder to anonymous SecurityContext
2024-08-11 14:31:46,795 DEBUG o.s.s.w.a.Http403ForbiddenEntryPoint [http-nio-8080-exec-9] Pre-authenticated entry point called. Rejecting access
2024-08-11 14:31:46,936 DEBUG o.s.s.w.FilterChainProxy [http-nio-8080-exec-7] Securing POST /api/auth/login
2024-08-11 14:31:46,939 DEBUG o.s.s.w.a.AnonymousAuthenticationFilter [http-nio-8080-exec-7] Set SecurityContextHolder to anonymous SecurityContext
2024-08-11 14:31:46,939 DEBUG o.s.s.w.FilterChainProxy [http-nio-8080-exec-7] Secured POST /api/auth/login
2024-08-11 14:31:46,942 DEBUG o.s.s.a.d.AbstractUserDetailsAuthenticationProvider [http-nio-8080-exec-10] Failed to find user 'vis@gmail.com'
2024-08-11 14:31:46,950 DEBUG o.s.s.w.a.Http403ForbiddenEntryPoint [http-nio-8080-exec-10] Pre-authenticated entry point called. Rejecting access
2024-08-11 14:31:46,963 DEBUG o.s.s.w.FilterChainProxy [http-nio-8080-exec-10] Securing POST /error
2024-08-11 14:31:46,963 DEBUG o.s.s.w.a.AnonymousAuthenticationFilter [http-nio-8080-exec-10] Set SecurityContextHolder to anonymous SecurityContext
2024-08-11 14:31:46,967 DEBUG o.s.s.w.a.Http403ForbiddenEntryPoint [http-nio-8080-exec-10] Pre-authenticated entry point called. Rejecting access
2024-08-11 14:31:47,128 DEBUG o.s.s.a.d.AbstractUserDetailsAuthenticationProvider [http-nio-8080-exec-7] Failed to find user 'vis@gmail.com'
2024-08-11 14:31:47,137 DEBUG o.s.s.w.a.Http403ForbiddenEntryPoint [http-nio-8080-exec-7] Pre-authenticated entry point called. Rejecting access
2024-08-11 14:31:47,142 DEBUG o.s.s.w.FilterChainProxy [http-nio-8080-exec-7] Securing POST /error
2024-08-11 14:31:47,145 DEBUG o.s.s.w.a.AnonymousAuthenticationFilter [http-nio-8080-exec-7] Set SecurityContextHolder to anonymous SecurityContext
2024-08-11 14:31:47,145 DEBUG o.s.s.w.a.Http403ForbiddenEntryPoint [http-nio-8080-exec-7] Pre-authenticated entry point called. Rejecting access
2024-08-11 14:34:42,954 DEBUG o.s.s.w.FilterChainProxy [http-nio-8080-exec-2] Securing OPTIONS /api/auth/login
2024-08-11 14:34:42,966 DEBUG o.s.s.w.FilterChainProxy [http-nio-8080-exec-4] Securing POST /api/auth/login
2024-08-11 14:34:42,982 DEBUG o.s.s.w.a.AnonymousAuthenticationFilter [http-nio-8080-exec-4] Set SecurityContextHolder to anonymous SecurityContext
2024-08-11 14:34:43,011 DEBUG o.s.s.w.FilterChainProxy [http-nio-8080-exec-4] Secured POST /api/auth/login
2024-08-11 14:34:43,112 DEBUG o.s.s.a.d.AbstractUserDetailsAuthenticationProvider [http-nio-8080-exec-4] Failed to find user 'vis@gmail.com'
2024-08-11 14:34:43,112 DEBUG o.s.s.w.a.Http403ForbiddenEntryPoint [http-nio-8080-exec-4] Pre-authenticated entry point called. Rejecting access
2024-08-11 14:34:43,112 DEBUG o.s.s.w.FilterChainProxy [http-nio-8080-exec-4] Securing POST /error
2024-08-11 14:34:43,112 DEBUG o.s.s.w.a.AnonymousAuthenticationFilter [http-nio-8080-exec-4] Set SecurityContextHolder to anonymous SecurityContext
2024-08-11 14:34:43,112 DEBUG o.s.s.w.a.Http403ForbiddenEntryPoint [http-nio-8080-exec-4] Pre-authenticated entry point called. Rejecting access
2024-08-11 14:35:41,754 DEBUG o.s.s.w.FilterChainProxy [http-nio-8080-exec-6] Securing OPTIONS /api/auth/login
2024-08-11 14:35:41,756 DEBUG o.s.s.w.FilterChainProxy [http-nio-8080-exec-5] Securing POST /api/auth/login
2024-08-11 14:35:41,756 DEBUG o.s.s.w.a.AnonymousAuthenticationFilter [http-nio-8080-exec-5] Set SecurityContextHolder to anonymous SecurityContext
2024-08-11 14:35:41,765 DEBUG o.s.s.w.FilterChainProxy [http-nio-8080-exec-5] Secured POST /api/auth/login
2024-08-11 14:35:41,846 DEBUG o.s.s.a.d.AbstractUserDetailsAuthenticationProvider [http-nio-8080-exec-5] Failed to find user 'vis@gmail.com'
2024-08-11 14:35:41,855 DEBUG o.s.s.w.a.Http403ForbiddenEntryPoint [http-nio-8080-exec-5] Pre-authenticated entry point called. Rejecting access
2024-08-11 14:35:41,855 DEBUG o.s.s.w.FilterChainProxy [http-nio-8080-exec-5] Securing POST /error
2024-08-11 14:35:41,855 DEBUG o.s.s.w.a.AnonymousAuthenticationFilter [http-nio-8080-exec-5] Set SecurityContextHolder to anonymous SecurityContext
2024-08-11 14:35:41,855 DEBUG o.s.s.w.a.Http403ForbiddenEntryPoint [http-nio-8080-exec-5] Pre-authenticated entry point called. Rejecting access
2024-08-11 14:36:06,609 DEBUG o.s.s.w.FilterChainProxy [http-nio-8080-exec-9] Securing OPTIONS /api/auth/login
2024-08-11 14:36:06,618 DEBUG o.s.s.w.FilterChainProxy [http-nio-8080-exec-10] Securing POST /api/auth/login
2024-08-11 14:36:06,621 DEBUG o.s.s.w.a.AnonymousAuthenticationFilter [http-nio-8080-exec-10] Set SecurityContextHolder to anonymous SecurityContext
2024-08-11 14:36:06,625 DEBUG o.s.s.w.FilterChainProxy [http-nio-8080-exec-10] Secured POST /api/auth/login
2024-08-11 14:36:06,858 DEBUG o.s.s.a.d.AbstractUserDetailsAuthenticationProvider [http-nio-8080-exec-10] Failed to find user 'vis@gmail.com'
2024-08-11 14:36:06,864 DEBUG o.s.s.w.a.Http403ForbiddenEntryPoint [http-nio-8080-exec-10] Pre-authenticated entry point called. Rejecting access
2024-08-11 14:36:06,864 DEBUG o.s.s.w.FilterChainProxy [http-nio-8080-exec-10] Securing POST /error
2024-08-11 14:36:06,864 DEBUG o.s.s.w.a.AnonymousAuthenticationFilter [http-nio-8080-exec-10] Set SecurityContextHolder to anonymous SecurityContext
2024-08-11 14:36:06,864 DEBUG o.s.s.w.a.Http403ForbiddenEntryPoint [http-nio-8080-exec-10] Pre-authenticated entry point called. Rejecting access
2024-08-11 14:37:22,111 DEBUG o.s.s.w.FilterChainProxy [http-nio-8080-exec-3] Securing OPTIONS /api/auth/login
2024-08-11 14:37:22,122 DEBUG o.s.s.w.FilterChainProxy [http-nio-8080-exec-1] Securing POST /api/auth/login
2024-08-11 14:37:22,122 DEBUG o.s.s.w.a.AnonymousAuthenticationFilter [http-nio-8080-exec-1] Set SecurityContextHolder to anonymous SecurityContext
2024-08-11 14:37:22,122 DEBUG o.s.s.w.FilterChainProxy [http-nio-8080-exec-1] Secured POST /api/auth/login
2024-08-11 14:37:22,360 DEBUG o.s.s.a.d.AbstractUserDetailsAuthenticationProvider [http-nio-8080-exec-1] Failed to find user 'vis@gmail.com'
2024-08-11 14:37:22,361 DEBUG o.s.s.w.a.Http403ForbiddenEntryPoint [http-nio-8080-exec-1] Pre-authenticated entry point called. Rejecting access
2024-08-11 14:37:22,361 DEBUG o.s.s.w.FilterChainProxy [http-nio-8080-exec-1] Securing POST /error
2024-08-11 14:37:22,361 DEBUG o.s.s.w.a.AnonymousAuthenticationFilter [http-nio-8080-exec-1] Set SecurityContextHolder to anonymous SecurityContext
2024-08-11 14:37:22,367 DEBUG o.s.s.w.a.Http403ForbiddenEntryPoint [http-nio-8080-exec-1] Pre-authenticated entry point called. Rejecting access
2024-08-11 14:37:43,899 DEBUG o.s.s.w.FilterChainProxy [http-nio-8080-exec-4] Securing OPTIONS /api/auth/login
2024-08-11 14:37:43,908 DEBUG o.s.s.w.FilterChainProxy [http-nio-8080-exec-6] Securing POST /api/auth/login
2024-08-11 14:37:43,908 DEBUG o.s.s.w.a.AnonymousAuthenticationFilter [http-nio-8080-exec-6] Set SecurityContextHolder to anonymous SecurityContext
2024-08-11 14:37:43,908 DEBUG o.s.s.w.FilterChainProxy [http-nio-8080-exec-6] Secured POST /api/auth/login
2024-08-11 14:37:43,982 DEBUG o.s.s.a.d.AbstractUserDetailsAuthenticationProvider [http-nio-8080-exec-6] Failed to find user 'vis@gmail.com'
2024-08-11 14:37:43,982 DEBUG o.s.s.w.a.Http403ForbiddenEntryPoint [http-nio-8080-exec-6] Pre-authenticated entry point called. Rejecting access
2024-08-11 14:37:43,982 DEBUG o.s.s.w.FilterChainProxy [http-nio-8080-exec-6] Securing POST /error
2024-08-11 14:37:43,982 DEBUG o.s.s.w.a.AnonymousAuthenticationFilter [http-nio-8080-exec-6] Set SecurityContextHolder to anonymous SecurityContext
2024-08-11 14:37:43,982 DEBUG o.s.s.w.a.Http403ForbiddenEntryPoint [http-nio-8080-exec-6] Pre-authenticated entry point called. Rejecting access
2024-08-11 14:37:46,551 DEBUG o.s.s.w.FilterChainProxy [http-nio-8080-exec-5] Securing POST /api/auth/login
2024-08-11 14:37:46,551 DEBUG o.s.s.w.a.AnonymousAuthenticationFilter [http-nio-8080-exec-5] Set SecurityContextHolder to anonymous SecurityContext
2024-08-11 14:37:46,555 DEBUG o.s.s.w.FilterChainProxy [http-nio-8080-exec-5] Secured POST /api/auth/login
2024-08-11 14:37:46,646 DEBUG o.s.s.a.d.AbstractUserDetailsAuthenticationProvider [http-nio-8080-exec-5] Failed to find user 'vis@gmail.com'
2024-08-11 14:37:46,646 DEBUG o.s.s.w.a.Http403ForbiddenEntryPoint [http-nio-8080-exec-5] Pre-authenticated entry point called. Rejecting access
2024-08-11 14:37:46,646 DEBUG o.s.s.w.FilterChainProxy [http-nio-8080-exec-5] Securing POST /error
2024-08-11 14:37:46,646 DEBUG o.s.s.w.a.AnonymousAuthenticationFilter [http-nio-8080-exec-5] Set SecurityContextHolder to anonymous SecurityContext
2024-08-11 14:37:46,646 DEBUG o.s.s.w.a.Http403ForbiddenEntryPoint [http-nio-8080-exec-5] Pre-authenticated entry point called. Rejecting access
2024-08-11 14:37:50,345 DEBUG o.s.s.w.FilterChainProxy [http-nio-8080-exec-8] Securing OPTIONS /api/auth/login
2024-08-11 14:37:50,350 DEBUG o.s.s.w.FilterChainProxy [http-nio-8080-exec-9] Securing POST /api/auth/login
2024-08-11 14:37:50,350 DEBUG o.s.s.w.a.AnonymousAuthenticationFilter [http-nio-8080-exec-9] Set SecurityContextHolder to anonymous SecurityContext
2024-08-11 14:37:50,350 DEBUG o.s.s.w.FilterChainProxy [http-nio-8080-exec-9] Secured POST /api/auth/login
2024-08-11 14:37:50,440 DEBUG o.s.s.a.d.AbstractUserDetailsAuthenticationProvider [http-nio-8080-exec-9] Failed to find user 'vis@gmail.com'
2024-08-11 14:37:50,440 DEBUG o.s.s.w.a.Http403ForbiddenEntryPoint [http-nio-8080-exec-9] Pre-authenticated entry point called. Rejecting access
2024-08-11 14:37:50,445 DEBUG o.s.s.w.FilterChainProxy [http-nio-8080-exec-9] Securing POST /error
2024-08-11 14:37:50,445 DEBUG o.s.s.w.a.AnonymousAuthenticationFilter [http-nio-8080-exec-9] Set SecurityContextHolder to anonymous SecurityContext
2024-08-11 14:37:50,445 DEBUG o.s.s.w.a.Http403ForbiddenEntryPoint [http-nio-8080-exec-9] Pre-authenticated entry point called. Rejecting access
2024-08-11 14:41:01,247 DEBUG o.s.s.w.FilterChainProxy [http-nio-8080-exec-7] Securing OPTIONS /api/auth/login
2024-08-11 14:41:01,252 DEBUG o.s.s.w.FilterChainProxy [http-nio-8080-exec-7] Securing POST /api/auth/login
2024-08-11 14:41:01,259 DEBUG o.s.s.w.a.AnonymousAuthenticationFilter [http-nio-8080-exec-7] Set SecurityContextHolder to anonymous SecurityContext
2024-08-11 14:41:01,267 DEBUG o.s.s.w.FilterChainProxy [http-nio-8080-exec-7] Secured POST /api/auth/login
2024-08-11 14:41:01,464 DEBUG o.s.s.a.d.AbstractUserDetailsAuthenticationProvider [http-nio-8080-exec-7] Failed to find user 'vis@gmail.com'
2024-08-11 14:41:01,474 DEBUG o.s.s.w.a.Http403ForbiddenEntryPoint [http-nio-8080-exec-7] Pre-authenticated entry point called. Rejecting access
2024-08-11 14:41:01,475 DEBUG o.s.s.w.FilterChainProxy [http-nio-8080-exec-7] Securing POST /error
2024-08-11 14:41:01,478 DEBUG o.s.s.w.a.AnonymousAuthenticationFilter [http-nio-8080-exec-7] Set SecurityContextHolder to anonymous SecurityContext
2024-08-11 14:41:01,481 DEBUG o.s.s.w.a.Http403ForbiddenEntryPoint [http-nio-8080-exec-7] Pre-authenticated entry point called. Rejecting access
2024-08-11 14:41:03,184 DEBUG o.s.s.w.FilterChainProxy [http-nio-8080-exec-3] Securing POST /api/auth/login
2024-08-11 14:41:03,191 DEBUG o.s.s.w.a.AnonymousAuthenticationFilter [http-nio-8080-exec-3] Set SecurityContextHolder to anonymous SecurityContext
2024-08-11 14:41:03,194 DEBUG o.s.s.w.FilterChainProxy [http-nio-8080-exec-3] Secured POST /api/auth/login
2024-08-11 14:41:03,405 DEBUG o.s.s.a.d.AbstractUserDetailsAuthenticationProvider [http-nio-8080-exec-3] Failed to find user 'vis@gmail.com'
2024-08-11 14:41:03,405 DEBUG o.s.s.w.a.Http403ForbiddenEntryPoint [http-nio-8080-exec-3] Pre-authenticated entry point called. Rejecting access
2024-08-11 14:41:03,405 DEBUG o.s.s.w.FilterChainProxy [http-nio-8080-exec-3] Securing POST /error
2024-08-11 14:41:03,405 DEBUG o.s.s.w.a.AnonymousAuthenticationFilter [http-nio-8080-exec-3] Set SecurityContextHolder to anonymous SecurityContext
2024-08-11 14:41:03,413 DEBUG o.s.s.w.a.Http403ForbiddenEntryPoint [http-nio-8080-exec-3] Pre-authenticated entry point called. Rejecting access
2024-08-11 14:41:04,339 DEBUG o.s.s.w.FilterChainProxy [http-nio-8080-exec-1] Securing POST /api/auth/login
2024-08-11 14:41:04,339 DEBUG o.s.s.w.a.AnonymousAuthenticationFilter [http-nio-8080-exec-1] Set SecurityContextHolder to anonymous SecurityContext
2024-08-11 14:41:04,339 DEBUG o.s.s.w.FilterChainProxy [http-nio-8080-exec-1] Secured POST /api/auth/login
2024-08-11 14:41:04,534 DEBUG o.s.s.w.FilterChainProxy [http-nio-8080-exec-2] Securing POST /api/auth/login
2024-08-11 14:41:04,534 DEBUG o.s.s.w.a.AnonymousAuthenticationFilter [http-nio-8080-exec-2] Set SecurityContextHolder to anonymous SecurityContext
2024-08-11 14:41:04,534 DEBUG o.s.s.w.FilterChainProxy [http-nio-8080-exec-2] Secured POST /api/auth/login
2024-08-11 14:41:04,577 DEBUG o.s.s.a.d.AbstractUserDetailsAuthenticationProvider [http-nio-8080-exec-1] Failed to find user 'vis@gmail.com'
2024-08-11 14:41:04,578 DEBUG o.s.s.w.a.Http403ForbiddenEntryPoint [http-nio-8080-exec-1] Pre-authenticated entry point called. Rejecting access
2024-08-11 14:41:04,588 DEBUG o.s.s.w.FilterChainProxy [http-nio-8080-exec-1] Securing POST /error
2024-08-11 14:41:04,588 DEBUG o.s.s.w.a.AnonymousAuthenticationFilter [http-nio-8080-exec-1] Set SecurityContextHolder to anonymous SecurityContext
2024-08-11 14:41:04,588 DEBUG o.s.s.w.a.Http403ForbiddenEntryPoint [http-nio-8080-exec-1] Pre-authenticated entry point called. Rejecting access
2024-08-11 14:41:04,731 DEBUG o.s.s.a.d.AbstractUserDetailsAuthenticationProvider [http-nio-8080-exec-2] Failed to find user 'vis@gmail.com'
2024-08-11 14:41:04,739 DEBUG o.s.s.w.a.Http403ForbiddenEntryPoint [http-nio-8080-exec-2] Pre-authenticated entry point called. Rejecting access
2024-08-11 14:41:04,739 DEBUG o.s.s.w.FilterChainProxy [http-nio-8080-exec-2] Securing POST /error
2024-08-11 14:41:04,748 DEBUG o.s.s.w.a.AnonymousAuthenticationFilter [http-nio-8080-exec-2] Set SecurityContextHolder to anonymous SecurityContext
2024-08-11 14:41:04,748 DEBUG o.s.s.w.a.Http403ForbiddenEntryPoint [http-nio-8080-exec-2] Pre-authenticated entry point called. Rejecting access
2024-08-11 14:41:04,758 DEBUG o.s.s.w.FilterChainProxy [http-nio-8080-exec-4] Securing POST /api/auth/login
2024-08-11 14:41:04,758 DEBUG o.s.s.w.a.AnonymousAuthenticationFilter [http-nio-8080-exec-4] Set SecurityContextHolder to anonymous SecurityContext
2024-08-11 14:41:04,758 DEBUG o.s.s.w.FilterChainProxy [http-nio-8080-exec-4] Secured POST /api/auth/login
2024-08-11 14:41:04,979 DEBUG o.s.s.a.d.AbstractUserDetailsAuthenticationProvider [http-nio-8080-exec-4] Failed to find user 'vis@gmail.com'
2024-08-11 14:41:04,986 DEBUG o.s.s.w.a.Http403ForbiddenEntryPoint [http-nio-8080-exec-4] Pre-authenticated entry point called. Rejecting access
2024-08-11 14:41:04,987 DEBUG o.s.s.w.FilterChainProxy [http-nio-8080-exec-4] Securing POST /error
2024-08-11 14:41:04,987 DEBUG o.s.s.w.a.AnonymousAuthenticationFilter [http-nio-8080-exec-4] Set SecurityContextHolder to anonymous SecurityContext
2024-08-11 14:41:04,987 DEBUG o.s.s.w.a.Http403ForbiddenEntryPoint [http-nio-8080-exec-4] Pre-authenticated entry point called. Rejecting access
2024-08-11 14:41:44,097 INFO o.s.b.StartupInfoLogger [restartedMain] Starting ApexgrocerApplication using Java 17.0.10 with PID 18252 (C:\Users\srith\OneDrive\Desktop\market\spring-template-final - Copy\spring-template-final - Copy\Spring-Security-Template-V4\target\classes started by srith in C:\Users\srith\OneDrive\Desktop\market\spring-template-final - Copy\spring-template-final - Copy\Spring-Security-Template-V4)
2024-08-11 14:41:44,104 INFO o.s.b.SpringApplication [restartedMain] No active profile set, falling back to 1 default profile: "default"
2024-08-11 14:41:44,203 INFO o.s.b.l.DeferredLog [restartedMain] Devtools property defaults active! Set 'spring.devtools.add-properties' to 'false' to disable
2024-08-11 14:41:44,204 INFO o.s.b.l.DeferredLog [restartedMain] For additional web related logging consider setting the 'logging.level.web' property to 'DEBUG'
2024-08-11 14:41:45,500 INFO o.s.d.r.c.RepositoryConfigurationDelegate [restartedMain] Bootstrapping Spring Data JPA repositories in DEFAULT mode.
2024-08-11 14:41:45,591 INFO o.s.d.r.c.RepositoryConfigurationDelegate [restartedMain] Finished Spring Data repository scanning in 82 ms. Found 4 JPA repository interfaces.
2024-08-11 14:41:46,524 INFO o.s.b.w.e.t.TomcatWebServer [restartedMain] Tomcat initialized with port 8080 (http)
2024-08-11 14:41:46,537 INFO o.a.j.l.DirectJDKLog [restartedMain] Initializing ProtocolHandler ["http-nio-8080"]
2024-08-11 14:41:46,540 INFO o.a.j.l.DirectJDKLog [restartedMain] Starting service [Tomcat]
2024-08-11 14:41:46,540 INFO o.a.j.l.DirectJDKLog [restartedMain] Starting Servlet engine: [Apache Tomcat/10.1.26]
2024-08-11 14:41:46,645 INFO o.a.j.l.DirectJDKLog [restartedMain] Initializing Spring embedded WebApplicationContext
2024-08-11 14:41:46,651 INFO o.s.b.w.s.c.ServletWebServerApplicationContext [restartedMain] Root WebApplicationContext: initialization completed in 2443 ms
2024-08-11 14:41:46,901 INFO o.h.j.i.u.LogHelper [restartedMain] HHH000204: Processing PersistenceUnitInfo [name: default]
2024-08-11 14:41:47,034 INFO o.h.Version [restartedMain] HHH000412: Hibernate ORM core version 6.5.2.Final
2024-08-11 14:41:47,098 INFO o.h.c.i.RegionFactoryInitiator [restartedMain] HHH000026: Second-level cache disabled
2024-08-11 14:41:47,450 INFO o.s.o.j.p.SpringPersistenceUnitInfo [restartedMain] No LoadTimeWeaver setup: ignoring JPA class transformer
2024-08-11 14:41:47,496 INFO c.z.h.HikariDataSource [restartedMain] HikariPool-1 - Starting...
2024-08-11 14:41:47,820 INFO c.z.h.p.HikariPool [restartedMain] HikariPool-1 - Added connection com.mysql.cj.jdbc.ConnectionImpl@57eb4fbb
2024-08-11 14:41:47,823 INFO c.z.h.HikariDataSource [restartedMain] HikariPool-1 - Start completed.
2024-08-11 14:41:47,898 WARN o.h.e.j.d.i.DialectFactoryImpl [restartedMain] HHH90000025: MySQLDialect does not need to be specified explicitly using 'hibernate.dialect' (remove the property setting and it will be selected by default)
2024-08-11 14:41:49,200 INFO o.h.e.t.j.p.i.JtaPlatformInitiator [restartedMain] HHH000489: No JTA platform available (set 'hibernate.transaction.jta.platform' to enable JTA platform integration)
2024-08-11 14:41:49,321 INFO o.s.o.j.AbstractEntityManagerFactoryBean [restartedMain] Initialized JPA EntityManagerFactory for persistence unit 'default'
2024-08-11 14:41:49,799 INFO o.s.s.c.a.a.c.InitializeUserDetailsBeanManagerConfigurer$InitializeUserDetailsManagerConfigurer [restartedMain] Global AuthenticationManager configured with UserDetailsService bean with name userDetailsService
2024-08-11 14:41:50,014 WARN o.s.b.a.o.j.JpaBaseConfiguration$JpaWebConfiguration [restartedMain] spring.jpa.open-in-view is enabled by default. Therefore, database queries may be performed during view rendering. Explicitly configure spring.jpa.open-in-view to disable this warning
2024-08-11 14:41:50,441 DEBUG o.s.s.w.DefaultSecurityFilterChain [restartedMain] Will secure any request with filters: DisableEncodeUrlFilter, WebAsyncManagerIntegrationFilter, SecurityContextHolderFilter, HeaderWriterFilter, CorsFilter, LogoutFilter, JwtAuthenticationFilter, RequestCacheAwareFilter, SecurityContextHolderAwareRequestFilter, AnonymousAuthenticationFilter, SessionManagementFilter, ExceptionTranslationFilter, AuthorizationFilter
2024-08-11 14:41:50,947 INFO o.s.b.d.a.OptionalLiveReloadServer [restartedMain] LiveReload server is running on port 35729
2024-08-11 14:41:50,985 INFO o.a.j.l.DirectJDKLog [restartedMain] Starting ProtocolHandler ["http-nio-8080"]
2024-08-11 14:41:51,028 INFO o.s.b.w.e.t.TomcatWebServer [restartedMain] Tomcat started on port 8080 (http) with context path '/'
2024-08-11 14:41:51,045 INFO o.s.b.StartupInfoLogger [restartedMain] Started ApexgrocerApplication in 7.676 seconds (process running for 8.517)
2024-08-11 14:42:16,901 INFO o.a.j.l.DirectJDKLog [http-nio-8080-exec-3] Initializing Spring DispatcherServlet 'dispatcherServlet'
2024-08-11 14:42:16,901 INFO o.s.w.s.FrameworkServlet [http-nio-8080-exec-3] Initializing Servlet 'dispatcherServlet'
2024-08-11 14:42:16,908 INFO o.s.w.s.FrameworkServlet [http-nio-8080-exec-3] Completed initialization in 7 ms
2024-08-11 14:42:16,957 DEBUG o.s.s.w.FilterChainProxy [http-nio-8080-exec-3] Securing OPTIONS /api/auth/login
2024-08-11 14:42:17,015 DEBUG o.s.s.w.FilterChainProxy [http-nio-8080-exec-2] Securing POST /api/auth/login
2024-08-11 14:42:17,043 DEBUG o.s.s.w.a.AnonymousAuthenticationFilter [http-nio-8080-exec-2] Set SecurityContextHolder to anonymous SecurityContext
2024-08-11 14:42:17,058 DEBUG o.s.s.w.FilterChainProxy [http-nio-8080-exec-2] Secured POST /api/auth/login
2024-08-11 14:42:18,075 DEBUG o.s.s.a.d.AbstractUserDetailsAuthenticationProvider [http-nio-8080-exec-2] Authenticated user
2024-08-11 15:26:52,555 DEBUG o.s.s.w.FilterChainProxy [http-nio-8080-exec-5] Securing GET /request/getusers
2024-08-11 15:26:52,562 DEBUG o.s.s.w.a.AnonymousAuthenticationFilter [http-nio-8080-exec-5] Set SecurityContextHolder to anonymous SecurityContext
2024-08-11 15:26:52,566 DEBUG o.s.s.w.FilterChainProxy [http-nio-8080-exec-5] Secured GET /request/getusers
2024-08-11 15:26:52,609 DEBUG o.s.s.w.FilterChainProxy [http-nio-8080-exec-5] Securing GET /error
2024-08-11 15:26:52,611 DEBUG o.s.s.w.a.AnonymousAuthenticationFilter [http-nio-8080-exec-5] Set SecurityContextHolder to anonymous SecurityContext
2024-08-11 15:26:52,617 DEBUG o.s.s.w.a.Http403ForbiddenEntryPoint [http-nio-8080-exec-5] Pre-authenticated entry point called. Rejecting access
2024-08-11 15:26:52,622 DEBUG o.s.s.w.FilterChainProxy [http-nio-8080-exec-6] Securing GET /request/getusers
2024-08-11 15:26:52,624 DEBUG o.s.s.w.a.AnonymousAuthenticationFilter [http-nio-8080-exec-6] Set SecurityContextHolder to anonymous SecurityContext
2024-08-11 15:26:52,627 DEBUG o.s.s.w.FilterChainProxy [http-nio-8080-exec-6] Secured GET /request/getusers
2024-08-11 15:26:52,636 DEBUG o.s.s.w.FilterChainProxy [http-nio-8080-exec-6] Securing GET /error
2024-08-11 15:26:52,638 DEBUG o.s.s.w.a.AnonymousAuthenticationFilter [http-nio-8080-exec-6] Set SecurityContextHolder to anonymous SecurityContext
2024-08-11 15:26:52,639 DEBUG o.s.s.w.a.Http403ForbiddenEntryPoint [http-nio-8080-exec-6] Pre-authenticated entry point called. Rejecting access
2024-08-11 15:27:04,001 DEBUG o.s.s.w.FilterChainProxy [http-nio-8080-exec-7] Securing OPTIONS /request/register
2024-08-11 15:27:04,016 DEBUG o.s.s.w.FilterChainProxy [http-nio-8080-exec-8] Securing POST /request/register
2024-08-11 15:27:04,031 DEBUG o.s.s.w.a.AnonymousAuthenticationFilter [http-nio-8080-exec-8] Set SecurityContextHolder to anonymous SecurityContext
2024-08-11 15:27:04,038 DEBUG o.s.s.w.FilterChainProxy [http-nio-8080-exec-8] Secured POST /request/register
2024-08-11 15:27:04,094 DEBUG o.s.s.w.FilterChainProxy [http-nio-8080-exec-8] Securing POST /error
2024-08-11 15:27:04,104 DEBUG o.s.s.w.a.AnonymousAuthenticationFilter [http-nio-8080-exec-8] Set SecurityContextHolder to anonymous SecurityContext
2024-08-11 15:27:04,106 DEBUG o.s.s.w.a.Http403ForbiddenEntryPoint [http-nio-8080-exec-8] Pre-authenticated entry point called. Rejecting access
2024-08-11 15:27:04,271 DEBUG o.s.s.w.FilterChainProxy [http-nio-8080-exec-9] Securing GET /request/getusers
2024-08-11 15:27:04,273 DEBUG o.s.s.w.FilterChainProxy [http-nio-8080-exec-10] Securing GET /request/getusers
2024-08-11 15:27:04,276 DEBUG o.s.s.w.a.AnonymousAuthenticationFilter [http-nio-8080-exec-9] Set SecurityContextHolder to anonymous SecurityContext
2024-08-11 15:27:04,280 DEBUG o.s.s.w.a.AnonymousAuthenticationFilter [http-nio-8080-exec-10] Set SecurityContextHolder to anonymous SecurityContext
2024-08-11 15:27:04,295 DEBUG o.s.s.w.FilterChainProxy [http-nio-8080-exec-10] Secured GET /request/getusers
2024-08-11 15:27:04,295 DEBUG o.s.s.w.FilterChainProxy [http-nio-8080-exec-9] Secured GET /request/getusers
2024-08-11 15:27:04,300 DEBUG o.s.s.w.FilterChainProxy [http-nio-8080-exec-10] Securing GET /error
2024-08-11 15:27:04,304 DEBUG o.s.s.w.a.AnonymousAuthenticationFilter [http-nio-8080-exec-10] Set SecurityContextHolder to anonymous SecurityContext
2024-08-11 15:27:04,315 DEBUG o.s.s.w.FilterChainProxy [http-nio-8080-exec-9] Securing GET /error
2024-08-11 15:27:04,339 DEBUG o.s.s.w.a.AnonymousAuthenticationFilter [http-nio-8080-exec-9] Set SecurityContextHolder to anonymous SecurityContext
2024-08-11 15:27:04,341 DEBUG o.s.s.w.a.Http403ForbiddenEntryPoint [http-nio-8080-exec-9] Pre-authenticated entry point called. Rejecting access
2024-08-11 15:27:04,341 DEBUG o.s.s.w.a.Http403ForbiddenEntryPoint [http-nio-8080-exec-10] Pre-authenticated entry point called. Rejecting access
2024-08-11 15:27:23,249 DEBUG o.s.s.w.FilterChainProxy [http-nio-8080-exec-1] Securing OPTIONS /request/register
2024-08-11 15:27:23,274 DEBUG o.s.s.w.FilterChainProxy [http-nio-8080-exec-3] Securing POST /request/register
2024-08-11 15:27:23,281 DEBUG o.s.s.w.a.AnonymousAuthenticationFilter [http-nio-8080-exec-3] Set SecurityContextHolder to anonymous SecurityContext
2024-08-11 15:27:23,303 DEBUG o.s.s.w.FilterChainProxy [http-nio-8080-exec-3] Secured POST /request/register
2024-08-11 15:27:23,335 DEBUG o.s.s.w.FilterChainProxy [http-nio-8080-exec-3] Securing POST /error
2024-08-11 15:27:23,337 DEBUG o.s.s.w.a.AnonymousAuthenticationFilter [http-nio-8080-exec-3] Set SecurityContextHolder to anonymous SecurityContext
2024-08-11 15:27:23,345 DEBUG o.s.s.w.a.Http403ForbiddenEntryPoint [http-nio-8080-exec-3] Pre-authenticated entry point called. Rejecting access
2024-08-11 15:27:23,486 DEBUG o.s.s.w.FilterChainProxy [http-nio-8080-exec-2] Securing GET /request/getusers
2024-08-11 15:27:23,492 DEBUG o.s.s.w.FilterChainProxy [http-nio-8080-exec-4] Securing GET /request/getusers
2024-08-11 15:27:23,492 DEBUG o.s.s.w.a.AnonymousAuthenticationFilter [http-nio-8080-exec-2] Set SecurityContextHolder to anonymous SecurityContext
2024-08-11 15:27:23,492 DEBUG o.s.s.w.a.AnonymousAuthenticationFilter [http-nio-8080-exec-4] Set SecurityContextHolder to anonymous SecurityContext
2024-08-11 15:27:23,501 DEBUG o.s.s.w.FilterChainProxy [http-nio-8080-exec-4] Secured GET /request/getusers
2024-08-11 15:27:23,519 DEBUG o.s.s.w.FilterChainProxy [http-nio-8080-exec-2] Secured GET /request/getusers
2024-08-11 15:27:23,526 DEBUG o.s.s.w.FilterChainProxy [http-nio-8080-exec-2] Securing GET /error
2024-08-11 15:27:23,528 DEBUG o.s.s.w.a.AnonymousAuthenticationFilter [http-nio-8080-exec-2] Set SecurityContextHolder to anonymous SecurityContext
2024-08-11 15:27:23,530 DEBUG o.s.s.w.a.Http403ForbiddenEntryPoint [http-nio-8080-exec-2] Pre-authenticated entry point called. Rejecting access
2024-08-11 15:27:23,533 DEBUG o.s.s.w.FilterChainProxy [http-nio-8080-exec-4] Securing GET /error
2024-08-11 15:27:23,533 DEBUG o.s.s.w.a.AnonymousAuthenticationFilter [http-nio-8080-exec-4] Set SecurityContextHolder to anonymous SecurityContext
2024-08-11 15:27:23,533 DEBUG o.s.s.w.a.Http403ForbiddenEntryPoint [http-nio-8080-exec-4] Pre-authenticated entry point called. Rejecting access
2024-08-11 15:27:29,845 DEBUG o.s.s.w.FilterChainProxy [http-nio-8080-exec-5] Securing OPTIONS /request/register
2024-08-11 15:27:29,856 DEBUG o.s.s.w.FilterChainProxy [http-nio-8080-exec-6] Securing POST /request/register
2024-08-11 15:27:29,861 DEBUG o.s.s.w.a.AnonymousAuthenticationFilter [http-nio-8080-exec-6] Set SecurityContextHolder to anonymous SecurityContext
2024-08-11 15:27:29,879 DEBUG o.s.s.w.FilterChainProxy [http-nio-8080-exec-6] Secured POST /request/register
2024-08-11 15:27:29,886 DEBUG o.s.s.w.FilterChainProxy [http-nio-8080-exec-6] Securing POST /error
2024-08-11 15:27:29,890 DEBUG o.s.s.w.a.AnonymousAuthenticationFilter [http-nio-8080-exec-6] Set SecurityContextHolder to anonymous SecurityContext
2024-08-11 15:27:29,893 DEBUG o.s.s.w.a.Http403ForbiddenEntryPoint [http-nio-8080-exec-6] Pre-authenticated entry point called. Rejecting access
2024-08-11 15:27:30,052 DEBUG o.s.s.w.FilterChainProxy [http-nio-8080-exec-7] Securing GET /request/getusers
2024-08-11 15:27:30,054 DEBUG o.s.s.w.a.AnonymousAuthenticationFilter [http-nio-8080-exec-7] Set SecurityContextHolder to anonymous SecurityContext
2024-08-11 15:27:30,054 DEBUG o.s.s.w.FilterChainProxy [http-nio-8080-exec-8] Securing GET /request/getusers
2024-08-11 15:27:30,055 DEBUG o.s.s.w.FilterChainProxy [http-nio-8080-exec-7] Secured GET /request/getusers
2024-08-11 15:27:30,062 DEBUG o.s.s.w.FilterChainProxy [http-nio-8080-exec-7] Securing GET /error
2024-08-11 15:27:30,064 DEBUG o.s.s.w.a.AnonymousAuthenticationFilter [http-nio-8080-exec-8] Set SecurityContextHolder to anonymous SecurityContext
2024-08-11 15:27:30,079 DEBUG o.s.s.w.FilterChainProxy [http-nio-8080-exec-8] Secured GET /request/getusers
2024-08-11 15:27:30,081 DEBUG o.s.s.w.a.AnonymousAuthenticationFilter [http-nio-8080-exec-7] Set SecurityContextHolder to anonymous SecurityContext
2024-08-11 15:27:30,081 DEBUG o.s.s.w.a.Http403ForbiddenEntryPoint [http-nio-8080-exec-7] Pre-authenticated entry point called. Rejecting access
2024-08-11 15:27:30,088 DEBUG o.s.s.w.FilterChainProxy [http-nio-8080-exec-8] Securing GET /error
2024-08-11 15:27:30,088 DEBUG o.s.s.w.a.AnonymousAuthenticationFilter [http-nio-8080-exec-8] Set SecurityContextHolder to anonymous SecurityContext
2024-08-11 15:27:30,095 DEBUG o.s.s.w.a.Http403ForbiddenEntryPoint [http-nio-8080-exec-8] Pre-authenticated entry point called. Rejecting access
2024-08-11 15:27:32,847 DEBUG o.s.s.w.FilterChainProxy [http-nio-8080-exec-9] Securing POST /request/register
2024-08-11 15:27:32,854 DEBUG o.s.s.w.a.AnonymousAuthenticationFilter [http-nio-8080-exec-9] Set SecurityContextHolder to anonymous SecurityContext
2024-08-11 15:27:32,859 DEBUG o.s.s.w.FilterChainProxy [http-nio-8080-exec-9] Secured POST /request/register
2024-08-11 15:27:32,910 DEBUG o.s.s.w.FilterChainProxy [http-nio-8080-exec-9] Securing POST /error
2024-08-11 15:27:32,913 DEBUG o.s.s.w.a.AnonymousAuthenticationFilter [http-nio-8080-exec-9] Set SecurityContextHolder to anonymous SecurityContext
2024-08-11 15:27:32,917 DEBUG o.s.s.w.a.Http403ForbiddenEntryPoint [http-nio-8080-exec-9] Pre-authenticated entry point called. Rejecting access
2024-08-11 15:27:33,051 DEBUG o.s.s.w.FilterChainProxy [http-nio-8080-exec-10] Securing GET /request/getusers
2024-08-11 15:27:33,055 DEBUG o.s.s.w.FilterChainProxy [http-nio-8080-exec-1] Securing GET /request/getusers
2024-08-11 15:27:33,064 DEBUG o.s.s.w.a.AnonymousAuthenticationFilter [http-nio-8080-exec-10] Set SecurityContextHolder to anonymous SecurityContext
2024-08-11 15:27:33,067 DEBUG o.s.s.w.a.AnonymousAuthenticationFilter [http-nio-8080-exec-1] Set SecurityContextHolder to anonymous SecurityContext
2024-08-11 15:27:33,071 DEBUG o.s.s.w.FilterChainProxy [http-nio-8080-exec-10] Secured GET /request/getusers
2024-08-11 15:27:33,076 DEBUG o.s.s.w.FilterChainProxy [http-nio-8080-exec-1] Secured GET /request/getusers
2024-08-11 15:27:33,083 DEBUG o.s.s.w.FilterChainProxy [http-nio-8080-exec-1] Securing GET /error
2024-08-11 15:27:33,100 DEBUG o.s.s.w.FilterChainProxy [http-nio-8080-exec-10] Securing GET /error
2024-08-11 15:27:33,113 DEBUG o.s.s.w.a.AnonymousAuthenticationFilter [http-nio-8080-exec-10] Set SecurityContextHolder to anonymous SecurityContext
2024-08-11 15:27:33,116 DEBUG o.s.s.w.a.Http403ForbiddenEntryPoint [http-nio-8080-exec-10] Pre-authenticated entry point called. Rejecting access
2024-08-11 15:27:33,116 DEBUG o.s.s.w.a.AnonymousAuthenticationFilter [http-nio-8080-exec-1] Set SecurityContextHolder to anonymous SecurityContext
2024-08-11 15:27:33,123 DEBUG o.s.s.w.a.Http403ForbiddenEntryPoint [http-nio-8080-exec-1] Pre-authenticated entry point called. Rejecting access
2024-08-11 15:28:08,302 DEBUG o.s.s.w.FilterChainProxy [http-nio-8080-exec-4] Securing GET /request/getusers
2024-08-11 15:28:08,331 DEBUG o.s.s.w.FilterChainProxy [http-nio-8080-exec-5] Securing GET /request/getusers
2024-08-11 15:28:08,352 DEBUG o.s.s.w.a.AnonymousAuthenticationFilter [http-nio-8080-exec-5] Set SecurityContextHolder to anonymous SecurityContext
2024-08-11 15:28:08,363 DEBUG o.s.s.w.a.AnonymousAuthenticationFilter [http-nio-8080-exec-4] Set SecurityContextHolder to anonymous SecurityContext
2024-08-11 15:28:08,388 DEBUG o.s.s.w.FilterChainProxy [http-nio-8080-exec-4] Secured GET /request/getusers
2024-08-11 15:28:08,391 DEBUG o.s.s.w.FilterChainProxy [http-nio-8080-exec-5] Secured GET /request/getusers
2024-08-11 15:28:08,396 DEBUG o.s.s.w.FilterChainProxy [http-nio-8080-exec-4] Securing GET /error
2024-08-11 15:28:08,405 DEBUG o.s.s.w.a.AnonymousAuthenticationFilter [http-nio-8080-exec-4] Set SecurityContextHolder to anonymous SecurityContext
2024-08-11 15:28:08,406 DEBUG o.s.s.w.a.Http403ForbiddenEntryPoint [http-nio-8080-exec-4] Pre-authenticated entry point called. Rejecting access
2024-08-11 15:28:08,416 DEBUG o.s.s.w.FilterChainProxy [http-nio-8080-exec-5] Securing GET /error
2024-08-11 15:28:08,427 DEBUG o.s.s.w.a.AnonymousAuthenticationFilter [http-nio-8080-exec-5] Set SecurityContextHolder to anonymous SecurityContext
2024-08-11 15:28:08,432 DEBUG o.s.s.w.a.Http403ForbiddenEntryPoint [http-nio-8080-exec-5] Pre-authenticated entry point called. Rejecting access
2024-08-11 15:28:25,307 DEBUG o.s.s.w.FilterChainProxy [http-nio-8080-exec-6] Securing OPTIONS /request/register
2024-08-11 15:28:25,319 DEBUG o.s.s.w.FilterChainProxy [http-nio-8080-exec-7] Securing POST /request/register
2024-08-11 15:28:25,331 DEBUG o.s.s.w.a.AnonymousAuthenticationFilter [http-nio-8080-exec-7] Set SecurityContextHolder to anonymous SecurityContext
2024-08-11 15:28:25,337 DEBUG o.s.s.w.FilterChainProxy [http-nio-8080-exec-7] Secured POST /request/register
2024-08-11 15:28:25,371 DEBUG o.s.s.w.FilterChainProxy [http-nio-8080-exec-7] Securing POST /error
2024-08-11 15:28:25,373 DEBUG o.s.s.w.a.AnonymousAuthenticationFilter [http-nio-8080-exec-7] Set SecurityContextHolder to anonymous SecurityContext
2024-08-11 15:28:25,382 DEBUG o.s.s.w.a.Http403ForbiddenEntryPoint [http-nio-8080-exec-7] Pre-authenticated entry point called. Rejecting access
2024-08-11 15:28:25,513 DEBUG o.s.s.w.FilterChainProxy [http-nio-8080-exec-8] Securing GET /request/getusers
2024-08-11 15:28:25,525 DEBUG o.s.s.w.a.AnonymousAuthenticationFilter [http-nio-8080-exec-8] Set SecurityContextHolder to anonymous SecurityContext
2024-08-11 15:28:25,528 DEBUG o.s.s.w.FilterChainProxy [http-nio-8080-exec-9] Securing GET /request/getusers
2024-08-11 15:28:25,533 DEBUG o.s.s.w.FilterChainProxy [http-nio-8080-exec-8] Secured GET /request/getusers
2024-08-11 15:28:25,538 DEBUG o.s.s.w.a.AnonymousAuthenticationFilter [http-nio-8080-exec-9] Set SecurityContextHolder to anonymous SecurityContext
2024-08-11 15:28:25,543 DEBUG o.s.s.w.FilterChainProxy [http-nio-8080-exec-8] Securing GET /error
2024-08-11 15:28:25,554 DEBUG o.s.s.w.FilterChainProxy [http-nio-8080-exec-9] Secured GET /request/getusers
2024-08-11 15:28:25,556 DEBUG o.s.s.w.a.AnonymousAuthenticationFilter [http-nio-8080-exec-8] Set SecurityContextHolder to anonymous SecurityContext
2024-08-11 15:28:25,561 DEBUG o.s.s.w.a.Http403ForbiddenEntryPoint [http-nio-8080-exec-8] Pre-authenticated entry point called. Rejecting access
2024-08-11 15:28:25,573 DEBUG o.s.s.w.FilterChainProxy [http-nio-8080-exec-9] Securing GET /error
2024-08-11 15:28:25,576 DEBUG o.s.s.w.a.AnonymousAuthenticationFilter [http-nio-8080-exec-9] Set SecurityContextHolder to anonymous SecurityContext
2024-08-11 15:28:25,576 DEBUG o.s.s.w.a.Http403ForbiddenEntryPoint [http-nio-8080-exec-9] Pre-authenticated entry point called. Rejecting access
2024-08-11 15:28:53,489 DEBUG o.s.s.w.FilterChainProxy [http-nio-8080-exec-10] Securing OPTIONS /request/register
2024-08-11 15:28:53,494 DEBUG o.s.s.w.FilterChainProxy [http-nio-8080-exec-1] Securing POST /request/register
2024-08-11 15:28:53,500 DEBUG o.s.s.w.a.AnonymousAuthenticationFilter [http-nio-8080-exec-1] Set SecurityContextHolder to anonymous SecurityContext
2024-08-11 15:28:53,502 DEBUG o.s.s.w.FilterChainProxy [http-nio-8080-exec-1] Secured POST /request/register
2024-08-11 15:28:53,511 DEBUG o.s.s.w.FilterChainProxy [http-nio-8080-exec-1] Securing POST /error
2024-08-11 15:28:53,523 DEBUG o.s.s.w.a.AnonymousAuthenticationFilter [http-nio-8080-exec-1] Set SecurityContextHolder to anonymous SecurityContext
2024-08-11 15:28:53,535 DEBUG o.s.s.w.a.Http403ForbiddenEntryPoint [http-nio-8080-exec-1] Pre-authenticated entry point called. Rejecting access
2024-08-11 15:28:53,739 DEBUG o.s.s.w.FilterChainProxy [http-nio-8080-exec-2] Securing GET /request/getusers
2024-08-11 15:28:53,751 DEBUG o.s.s.w.FilterChainProxy [http-nio-8080-exec-3] Securing GET /request/getusers
2024-08-11 15:28:53,751 DEBUG o.s.s.w.a.AnonymousAuthenticationFilter [http-nio-8080-exec-2] Set SecurityContextHolder to anonymous SecurityContext
2024-08-11 15:28:53,751 DEBUG o.s.s.w.a.AnonymousAuthenticationFilter [http-nio-8080-exec-3] Set SecurityContextHolder to anonymous SecurityContext
2024-08-11 15:28:53,751 DEBUG o.s.s.w.FilterChainProxy [http-nio-8080-exec-2] Secured GET /request/getusers
2024-08-11 15:28:53,754 DEBUG o.s.s.w.FilterChainProxy [http-nio-8080-exec-3] Secured GET /request/getusers
2024-08-11 15:28:53,763 DEBUG o.s.s.w.FilterChainProxy [http-nio-8080-exec-2] Securing GET /error
2024-08-11 15:28:53,766 DEBUG o.s.s.w.a.AnonymousAuthenticationFilter [http-nio-8080-exec-2] Set SecurityContextHolder to anonymous SecurityContext
2024-08-11 15:28:53,780 DEBUG o.s.s.w.FilterChainProxy [http-nio-8080-exec-3] Securing GET /error
2024-08-11 15:28:53,783 DEBUG o.s.s.w.a.Http403ForbiddenEntryPoint [http-nio-8080-exec-2] Pre-authenticated entry point called. Rejecting access
2024-08-11 15:28:53,783 DEBUG o.s.s.w.a.AnonymousAuthenticationFilter [http-nio-8080-exec-3] Set SecurityContextHolder to anonymous SecurityContext
2024-08-11 15:28:53,784 DEBUG o.s.s.w.a.Http403ForbiddenEntryPoint [http-nio-8080-exec-3] Pre-authenticated entry point called. Rejecting access
2024-08-11 15:29:06,369 DEBUG o.s.s.w.FilterChainProxy [http-nio-8080-exec-4] Securing GET /request/getusers
2024-08-11 15:29:06,380 DEBUG o.s.s.w.a.AnonymousAuthenticationFilter [http-nio-8080-exec-4] Set SecurityContextHolder to anonymous SecurityContext
2024-08-11 15:29:06,383 DEBUG o.s.s.w.FilterChainProxy [http-nio-8080-exec-5] Securing GET /request/getusers
2024-08-11 15:29:06,383 DEBUG o.s.s.w.FilterChainProxy [http-nio-8080-exec-4] Secured GET /request/getusers
2024-08-11 15:29:06,389 DEBUG o.s.s.w.a.AnonymousAuthenticationFilter [http-nio-8080-exec-5] Set SecurityContextHolder to anonymous SecurityContext
2024-08-11 15:29:06,393 DEBUG o.s.s.w.FilterChainProxy [http-nio-8080-exec-5] Secured GET /request/getusers
2024-08-11 15:29:06,394 DEBUG o.s.s.w.FilterChainProxy [http-nio-8080-exec-4] Securing GET /error
2024-08-11 15:29:06,394 DEBUG o.s.s.w.a.AnonymousAuthenticationFilter [http-nio-8080-exec-4] Set SecurityContextHolder to anonymous SecurityContext
2024-08-11 15:29:06,394 DEBUG o.s.s.w.a.Http403ForbiddenEntryPoint [http-nio-8080-exec-4] Pre-authenticated entry point called. Rejecting access
2024-08-11 15:29:06,412 DEBUG o.s.s.w.FilterChainProxy [http-nio-8080-exec-5] Securing GET /error
2024-08-11 15:29:06,415 DEBUG o.s.s.w.a.AnonymousAuthenticationFilter [http-nio-8080-exec-5] Set SecurityContextHolder to anonymous SecurityContext
2024-08-11 15:29:06,418 DEBUG o.s.s.w.a.Http403ForbiddenEntryPoint [http-nio-8080-exec-5] Pre-authenticated entry point called. Rejecting access
2024-08-11 15:33:51,838 DEBUG o.s.s.w.FilterChainProxy [http-nio-8080-exec-9] Securing GET /request/getusers
2024-08-11 15:33:51,842 DEBUG o.s.s.w.FilterChainProxy [http-nio-8080-exec-8] Securing GET /request/getusers
2024-08-11 15:33:51,843 DEBUG o.s.s.w.a.AnonymousAuthenticationFilter [http-nio-8080-exec-9] Set SecurityContextHolder to anonymous SecurityContext
2024-08-11 15:33:51,843 DEBUG o.s.s.w.a.AnonymousAuthenticationFilter [http-nio-8080-exec-8] Set SecurityContextHolder to anonymous SecurityContext
2024-08-11 15:33:51,843 DEBUG o.s.s.w.FilterChainProxy [http-nio-8080-exec-9] Secured GET /request/getusers
2024-08-11 15:33:51,843 DEBUG o.s.s.w.FilterChainProxy [http-nio-8080-exec-8] Secured GET /request/getusers
2024-08-11 15:33:51,862 DEBUG o.s.s.w.FilterChainProxy [http-nio-8080-exec-8] Securing GET /error
2024-08-11 15:33:51,862 DEBUG o.s.s.w.FilterChainProxy [http-nio-8080-exec-9] Securing GET /error
2024-08-11 15:33:51,866 DEBUG o.s.s.w.a.AnonymousAuthenticationFilter [http-nio-8080-exec-8] Set SecurityContextHolder to anonymous SecurityContext
2024-08-11 15:33:51,866 DEBUG o.s.s.w.a.AnonymousAuthenticationFilter [http-nio-8080-exec-9] Set SecurityContextHolder to anonymous SecurityContext
2024-08-11 15:33:51,866 DEBUG o.s.s.w.a.Http403ForbiddenEntryPoint [http-nio-8080-exec-9] Pre-authenticated entry point called. Rejecting access
2024-08-11 15:33:51,866 DEBUG o.s.s.w.a.Http403ForbiddenEntryPoint [http-nio-8080-exec-8] Pre-authenticated entry point called. Rejecting access
2024-08-11 15:38:47,787 DEBUG o.s.s.w.FilterChainProxy [http-nio-8080-exec-2] Securing GET /request/getusers
2024-08-11 15:38:47,787 DEBUG o.s.s.w.FilterChainProxy [http-nio-8080-exec-3] Securing GET /request/getusers
2024-08-11 15:38:47,787 DEBUG o.s.s.w.a.AnonymousAuthenticationFilter [http-nio-8080-exec-2] Set SecurityContextHolder to anonymous SecurityContext
2024-08-11 15:38:47,787 DEBUG o.s.s.w.a.AnonymousAuthenticationFilter [http-nio-8080-exec-3] Set SecurityContextHolder to anonymous SecurityContext
2024-08-11 15:38:47,793 DEBUG o.s.s.w.FilterChainProxy [http-nio-8080-exec-2] Secured GET /request/getusers
2024-08-11 15:38:47,794 DEBUG o.s.s.w.FilterChainProxy [http-nio-8080-exec-3] Secured GET /request/getusers
2024-08-11 15:38:47,802 DEBUG o.s.s.w.FilterChainProxy [http-nio-8080-exec-2] Securing GET /error
2024-08-11 15:38:47,802 DEBUG o.s.s.w.a.AnonymousAuthenticationFilter [http-nio-8080-exec-2] Set SecurityContextHolder to anonymous SecurityContext
2024-08-11 15:38:47,802 DEBUG o.s.s.w.a.Http403ForbiddenEntryPoint [http-nio-8080-exec-2] Pre-authenticated entry point called. Rejecting access
2024-08-11 15:38:47,825 DEBUG o.s.s.w.FilterChainProxy [http-nio-8080-exec-3] Securing GET /error
2024-08-11 15:38:47,831 DEBUG o.s.s.w.a.AnonymousAuthenticationFilter [http-nio-8080-exec-3] Set SecurityContextHolder to anonymous SecurityContext
2024-08-11 15:38:47,833 DEBUG o.s.s.w.a.Http403ForbiddenEntryPoint [http-nio-8080-exec-3] Pre-authenticated entry point called. Rejecting access
2024-08-11 15:39:41,156 DEBUG o.s.s.w.FilterChainProxy [http-nio-8080-exec-4] Securing GET /request/getusers
2024-08-11 15:39:41,160 DEBUG o.s.s.w.FilterChainProxy [http-nio-8080-exec-5] Securing GET /request/getusers
2024-08-11 15:39:41,164 DEBUG o.s.s.w.a.AnonymousAuthenticationFilter [http-nio-8080-exec-4] Set SecurityContextHolder to anonymous SecurityContext
2024-08-11 15:39:41,172 DEBUG o.s.s.w.a.AnonymousAuthenticationFilter [http-nio-8080-exec-5] Set SecurityContextHolder to anonymous SecurityContext
2024-08-11 15:39:41,178 DEBUG o.s.s.w.FilterChainProxy [http-nio-8080-exec-4] Secured GET /request/getusers
2024-08-11 15:39:41,181 DEBUG o.s.s.w.FilterChainProxy [http-nio-8080-exec-5] Secured GET /request/getusers
2024-08-11 15:39:41,189 DEBUG o.s.s.w.FilterChainProxy [http-nio-8080-exec-4] Securing GET /error
2024-08-11 15:39:41,200 DEBUG o.s.s.w.FilterChainProxy [http-nio-8080-exec-5] Securing GET /error
2024-08-11 15:39:41,198 DEBUG o.s.s.w.a.AnonymousAuthenticationFilter [http-nio-8080-exec-4] Set SecurityContextHolder to anonymous SecurityContext
2024-08-11 15:39:41,200 DEBUG o.s.s.w.a.Http403ForbiddenEntryPoint [http-nio-8080-exec-4] Pre-authenticated entry point called. Rejecting access
2024-08-11 15:39:41,200 DEBUG o.s.s.w.a.AnonymousAuthenticationFilter [http-nio-8080-exec-5] Set SecurityContextHolder to anonymous SecurityContext
2024-08-11 15:39:41,209 DEBUG o.s.s.w.a.Http403ForbiddenEntryPoint [http-nio-8080-exec-5] Pre-authenticated entry point called. Rejecting access
2024-08-11 15:41:08,184 DEBUG o.s.s.w.FilterChainProxy [http-nio-8080-exec-8] Securing GET /request/getusers
2024-08-11 15:41:08,185 DEBUG o.s.s.w.FilterChainProxy [http-nio-8080-exec-9] Securing GET /request/getusers
2024-08-11 15:41:08,185 DEBUG o.s.s.w.a.AnonymousAuthenticationFilter [http-nio-8080-exec-8] Set SecurityContextHolder to anonymous SecurityContext
2024-08-11 15:41:08,185 DEBUG o.s.s.w.a.AnonymousAuthenticationFilter [http-nio-8080-exec-9] Set SecurityContextHolder to anonymous SecurityContext
2024-08-11 15:41:08,189 DEBUG o.s.s.w.FilterChainProxy [http-nio-8080-exec-9] Secured GET /request/getusers
2024-08-11 15:41:08,189 DEBUG o.s.s.w.FilterChainProxy [http-nio-8080-exec-8] Secured GET /request/getusers
2024-08-11 15:41:08,194 DEBUG o.s.s.w.FilterChainProxy [http-nio-8080-exec-9] Securing GET /error
2024-08-11 15:41:08,194 DEBUG o.s.s.w.FilterChainProxy [http-nio-8080-exec-8] Securing GET /error
2024-08-11 15:41:08,201 DEBUG o.s.s.w.a.AnonymousAuthenticationFilter [http-nio-8080-exec-9] Set SecurityContextHolder to anonymous SecurityContext
2024-08-11 15:41:08,201 DEBUG o.s.s.w.a.AnonymousAuthenticationFilter [http-nio-8080-exec-8] Set SecurityContextHolder to anonymous SecurityContext
2024-08-11 15:41:08,201 DEBUG o.s.s.w.a.Http403ForbiddenEntryPoint [http-nio-8080-exec-9] Pre-authenticated entry point called. Rejecting access
2024-08-11 15:41:08,205 DEBUG o.s.s.w.a.Http403ForbiddenEntryPoint [http-nio-8080-exec-8] Pre-authenticated entry point called. Rejecting access
2024-08-11 15:41:18,085 DEBUG o.s.s.w.FilterChainProxy [http-nio-8080-exec-10] Securing OPTIONS /request/register
2024-08-11 15:41:18,097 DEBUG o.s.s.w.FilterChainProxy [http-nio-8080-exec-1] Securing POST /request/register
2024-08-11 15:41:18,102 DEBUG o.s.s.w.a.AnonymousAuthenticationFilter [http-nio-8080-exec-1] Set SecurityContextHolder to anonymous SecurityContext
2024-08-11 15:41:18,120 DEBUG o.s.s.w.FilterChainProxy [http-nio-8080-exec-1] Secured POST /request/register
2024-08-11 15:41:18,135 DEBUG o.s.s.w.FilterChainProxy [http-nio-8080-exec-1] Securing POST /error
2024-08-11 15:41:18,139 DEBUG o.s.s.w.a.AnonymousAuthenticationFilter [http-nio-8080-exec-1] Set SecurityContextHolder to anonymous SecurityContext
2024-08-11 15:41:18,141 DEBUG o.s.s.w.a.Http403ForbiddenEntryPoint [http-nio-8080-exec-1] Pre-authenticated entry point called. Rejecting access
2024-08-11 15:41:18,433 DEBUG o.s.s.w.FilterChainProxy [http-nio-8080-exec-2] Securing GET /request/getusers
2024-08-11 15:41:18,437 DEBUG o.s.s.w.FilterChainProxy [http-nio-8080-exec-3] Securing GET /request/getusers
2024-08-11 15:41:18,437 DEBUG o.s.s.w.a.AnonymousAuthenticationFilter [http-nio-8080-exec-2] Set SecurityContextHolder to anonymous SecurityContext
2024-08-11 15:41:18,437 DEBUG o.s.s.w.a.AnonymousAuthenticationFilter [http-nio-8080-exec-3] Set SecurityContextHolder to anonymous SecurityContext
2024-08-11 15:41:18,441 DEBUG o.s.s.w.FilterChainProxy [http-nio-8080-exec-3] Secured GET /request/getusers
2024-08-11 15:41:18,459 DEBUG o.s.s.w.FilterChainProxy [http-nio-8080-exec-2] Secured GET /request/getusers
2024-08-11 15:41:18,467 DEBUG o.s.s.w.FilterChainProxy [http-nio-8080-exec-3] Securing GET /error
2024-08-11 15:41:18,467 DEBUG o.s.s.w.FilterChainProxy [http-nio-8080-exec-2] Securing GET /error
2024-08-11 15:41:18,475 DEBUG o.s.s.w.a.AnonymousAuthenticationFilter [http-nio-8080-exec-2] Set SecurityContextHolder to anonymous SecurityContext
2024-08-11 15:41:18,475 DEBUG o.s.s.w.a.AnonymousAuthenticationFilter [http-nio-8080-exec-3] Set SecurityContextHolder to anonymous SecurityContext
2024-08-11 15:41:18,476 DEBUG o.s.s.w.a.Http403ForbiddenEntryPoint [http-nio-8080-exec-2] Pre-authenticated entry point called. Rejecting access
2024-08-11 15:41:18,485 DEBUG o.s.s.w.a.Http403ForbiddenEntryPoint [http-nio-8080-exec-3] Pre-authenticated entry point called. Rejecting access
2024-08-11 15:42:01,524 DEBUG o.s.s.w.FilterChainProxy [http-nio-8080-exec-4] Securing GET /order/getall
2024-08-11 15:42:01,524 DEBUG o.s.s.w.a.AnonymousAuthenticationFilter [http-nio-8080-exec-4] Set SecurityContextHolder to anonymous SecurityContext
2024-08-11 15:42:01,526 DEBUG o.s.s.w.FilterChainProxy [http-nio-8080-exec-4] Secured GET /order/getall
2024-08-11 15:42:01,660 DEBUG o.s.s.w.FilterChainProxy [http-nio-8080-exec-5] Securing GET /order/getall
2024-08-11 15:42:01,661 DEBUG o.s.s.w.a.AnonymousAuthenticationFilter [http-nio-8080-exec-5] Set SecurityContextHolder to anonymous SecurityContext
2024-08-11 15:42:01,662 DEBUG o.s.s.w.FilterChainProxy [http-nio-8080-exec-5] Secured GET /order/getall
2024-08-11 15:42:16,013 DEBUG o.s.s.w.FilterChainProxy [http-nio-8080-exec-6] Securing GET /order/getall
2024-08-11 15:42:16,013 DEBUG o.s.s.w.FilterChainProxy [http-nio-8080-exec-7] Securing GET /order/getall
2024-08-11 15:42:16,022 DEBUG o.s.s.w.a.AnonymousAuthenticationFilter [http-nio-8080-exec-6] Set SecurityContextHolder to anonymous SecurityContext
2024-08-11 15:42:16,026 DEBUG o.s.s.w.a.AnonymousAuthenticationFilter [http-nio-8080-exec-7] Set SecurityContextHolder to anonymous SecurityContext
2024-08-11 15:42:16,026 DEBUG o.s.s.w.FilterChainProxy [http-nio-8080-exec-6] Secured GET /order/getall
2024-08-11 15:42:16,033 DEBUG o.s.s.w.FilterChainProxy [http-nio-8080-exec-7] Secured GET /order/getall
2024-08-11 15:43:49,293 DEBUG o.s.s.w.FilterChainProxy [http-nio-8080-exec-10] Securing GET /request/getusers
2024-08-11 15:43:49,293 DEBUG o.s.s.w.FilterChainProxy [http-nio-8080-exec-1] Securing GET /request/getusers
2024-08-11 15:43:49,302 DEBUG o.s.s.w.a.AnonymousAuthenticationFilter [http-nio-8080-exec-1] Set SecurityContextHolder to anonymous SecurityContext
2024-08-11 15:43:49,302 DEBUG o.s.s.w.FilterChainProxy [http-nio-8080-exec-1] Secured GET /request/getusers
2024-08-11 15:43:49,302 DEBUG o.s.s.w.a.AnonymousAuthenticationFilter [http-nio-8080-exec-10] Set SecurityContextHolder to anonymous SecurityContext
2024-08-11 15:43:49,302 DEBUG o.s.s.w.FilterChainProxy [http-nio-8080-exec-10] Secured GET /request/getusers
2024-08-11 15:43:49,311 DEBUG o.s.s.w.FilterChainProxy [http-nio-8080-exec-10] Securing GET /error
2024-08-11 15:43:49,311 DEBUG o.s.s.w.FilterChainProxy [http-nio-8080-exec-1] Securing GET /error
2024-08-11 15:43:49,312 DEBUG o.s.s.w.a.AnonymousAuthenticationFilter [http-nio-8080-exec-1] Set SecurityContextHolder to anonymous SecurityContext
2024-08-11 15:43:49,314 DEBUG o.s.s.w.a.Http403ForbiddenEntryPoint [http-nio-8080-exec-1] Pre-authenticated entry point called. Rejecting access
2024-08-11 15:43:49,314 DEBUG o.s.s.w.a.AnonymousAuthenticationFilter [http-nio-8080-exec-10] Set SecurityContextHolder to anonymous SecurityContext
2024-08-11 15:43:49,314 DEBUG o.s.s.w.a.Http403ForbiddenEntryPoint [http-nio-8080-exec-10] Pre-authenticated entry point called. Rejecting access
2024-08-11 15:43:55,748 DEBUG o.s.s.w.FilterChainProxy [http-nio-8080-exec-2] Securing OPTIONS /request/register
2024-08-11 15:43:55,756 DEBUG o.s.s.w.FilterChainProxy [http-nio-8080-exec-3] Securing POST /request/register
2024-08-11 15:43:55,760 DEBUG o.s.s.w.a.AnonymousAuthenticationFilter [http-nio-8080-exec-3] Set SecurityContextHolder to anonymous SecurityContext
2024-08-11 15:43:55,764 DEBUG o.s.s.w.FilterChainProxy [http-nio-8080-exec-3] Secured POST /request/register
2024-08-11 15:43:55,775 DEBUG o.s.s.w.FilterChainProxy [http-nio-8080-exec-3] Securing POST /error
2024-08-11 15:43:55,784 DEBUG o.s.s.w.a.AnonymousAuthenticationFilter [http-nio-8080-exec-3] Set SecurityContextHolder to anonymous SecurityContext
2024-08-11 15:43:55,790 DEBUG o.s.s.w.a.Http403ForbiddenEntryPoint [http-nio-8080-exec-3] Pre-authenticated entry point called. Rejecting access
2024-08-11 15:43:56,020 DEBUG o.s.s.w.FilterChainProxy [http-nio-8080-exec-4] Securing GET /request/getusers
2024-08-11 15:43:56,029 DEBUG o.s.s.w.FilterChainProxy [http-nio-8080-exec-5] Securing GET /request/getusers
2024-08-11 15:43:56,034 DEBUG o.s.s.w.a.AnonymousAuthenticationFilter [http-nio-8080-exec-4] Set SecurityContextHolder to anonymous SecurityContext
2024-08-11 15:43:56,037 DEBUG o.s.s.w.FilterChainProxy [http-nio-8080-exec-4] Secured GET /request/getusers
2024-08-11 15:43:56,037 DEBUG o.s.s.w.a.AnonymousAuthenticationFilter [http-nio-8080-exec-5] Set SecurityContextHolder to anonymous SecurityContext
2024-08-11 15:43:56,040 DEBUG o.s.s.w.FilterChainProxy [http-nio-8080-exec-4] Securing GET /error
2024-08-11 15:43:56,040 DEBUG o.s.s.w.a.AnonymousAuthenticationFilter [http-nio-8080-exec-4] Set SecurityContextHolder to anonymous SecurityContext
2024-08-11 15:43:56,043 DEBUG o.s.s.w.a.Http403ForbiddenEntryPoint [http-nio-8080-exec-4] Pre-authenticated entry point called. Rejecting access
2024-08-11 15:43:56,038 DEBUG o.s.s.w.FilterChainProxy [http-nio-8080-exec-5] Secured GET /request/getusers
2024-08-11 15:43:56,054 DEBUG o.s.s.w.FilterChainProxy [http-nio-8080-exec-5] Securing GET /error
2024-08-11 15:43:56,054 DEBUG o.s.s.w.a.AnonymousAuthenticationFilter [http-nio-8080-exec-5] Set SecurityContextHolder to anonymous SecurityContext
2024-08-11 15:43:56,072 DEBUG o.s.s.w.a.Http403ForbiddenEntryPoint [http-nio-8080-exec-5] Pre-authenticated entry point called. Rejecting access
2024-08-11 15:43:58,525 DEBUG o.s.s.w.FilterChainProxy [http-nio-8080-exec-7] Securing GET /order/getall
2024-08-11 15:43:58,532 DEBUG o.s.s.w.FilterChainProxy [http-nio-8080-exec-6] Securing GET /order/getall
2024-08-11 15:43:58,535 DEBUG o.s.s.w.a.AnonymousAuthenticationFilter [http-nio-8080-exec-7] Set SecurityContextHolder to anonymous SecurityContext
2024-08-11 15:43:58,535 DEBUG o.s.s.w.a.AnonymousAuthenticationFilter [http-nio-8080-exec-6] Set SecurityContextHolder to anonymous SecurityContext
2024-08-11 15:43:58,540 DEBUG o.s.s.w.FilterChainProxy [http-nio-8080-exec-6] Secured GET /order/getall
2024-08-11 15:43:58,540 DEBUG o.s.s.w.FilterChainProxy [http-nio-8080-exec-7] Secured GET /order/getall
2024-08-11 15:46:37,455 DEBUG o.s.s.w.FilterChainProxy [http-nio-8080-exec-1] Securing GET /order/getall
2024-08-11 15:46:37,455 DEBUG o.s.s.w.FilterChainProxy [http-nio-8080-exec-10] Securing GET /order/getall
2024-08-11 15:46:37,459 DEBUG o.s.s.w.a.AnonymousAuthenticationFilter [http-nio-8080-exec-1] Set SecurityContextHolder to anonymous SecurityContext
2024-08-11 15:46:37,459 DEBUG o.s.s.w.a.AnonymousAuthenticationFilter [http-nio-8080-exec-10] Set SecurityContextHolder to anonymous SecurityContext
2024-08-11 15:46:37,462 DEBUG o.s.s.w.FilterChainProxy [http-nio-8080-exec-1] Secured GET /order/getall
2024-08-11 15:46:37,462 DEBUG o.s.s.w.FilterChainProxy [http-nio-8080-exec-10] Secured GET /order/getall
2024-08-11 15:46:40,052 DEBUG o.s.s.w.FilterChainProxy [http-nio-8080-exec-2] Securing GET /request/getusers
2024-08-11 15:46:40,056 DEBUG o.s.s.w.a.AnonymousAuthenticationFilter [http-nio-8080-exec-2] Set SecurityContextHolder to anonymous SecurityContext
2024-08-11 15:46:40,069 DEBUG o.s.s.w.FilterChainProxy [http-nio-8080-exec-3] Securing GET /request/getusers
2024-08-11 15:46:40,069 DEBUG o.s.s.w.FilterChainProxy [http-nio-8080-exec-2] Secured GET /request/getusers
2024-08-11 15:46:40,069 DEBUG o.s.s.w.a.AnonymousAuthenticationFilter [http-nio-8080-exec-3] Set SecurityContextHolder to anonymous SecurityContext
2024-08-11 15:46:40,075 DEBUG o.s.s.w.FilterChainProxy [http-nio-8080-exec-3] Secured GET /request/getusers
2024-08-11 15:46:40,083 DEBUG o.s.s.w.FilterChainProxy [http-nio-8080-exec-2] Securing GET /error
2024-08-11 15:46:40,083 DEBUG o.s.s.w.FilterChainProxy [http-nio-8080-exec-3] Securing GET /error
2024-08-11 15:46:40,083 DEBUG o.s.s.w.a.AnonymousAuthenticationFilter [http-nio-8080-exec-2] Set SecurityContextHolder to anonymous SecurityContext
2024-08-11 15:46:40,083 DEBUG o.s.s.w.a.AnonymousAuthenticationFilter [http-nio-8080-exec-3] Set SecurityContextHolder to anonymous SecurityContext
2024-08-11 15:46:40,088 DEBUG o.s.s.w.a.Http403ForbiddenEntryPoint [http-nio-8080-exec-3] Pre-authenticated entry point called. Rejecting access
2024-08-11 15:46:40,088 DEBUG o.s.s.w.a.Http403ForbiddenEntryPoint [http-nio-8080-exec-2] Pre-authenticated entry point called. Rejecting access
2024-08-11 16:07:15,153 DEBUG o.s.s.w.FilterChainProxy [http-nio-8080-exec-6] Securing OPTIONS /api/auth/login
2024-08-11 16:07:15,164 DEBUG o.s.s.w.FilterChainProxy [http-nio-8080-exec-7] Securing POST /api/auth/login
2024-08-11 16:07:15,169 DEBUG o.s.s.w.a.AnonymousAuthenticationFilter [http-nio-8080-exec-7] Set SecurityContextHolder to anonymous SecurityContext
2024-08-11 16:07:15,177 DEBUG o.s.s.w.FilterChainProxy [http-nio-8080-exec-7] Secured POST /api/auth/login
2024-08-11 16:07:15,414 DEBUG o.s.s.a.d.AbstractUserDetailsAuthenticationProvider [http-nio-8080-exec-7] Authenticated user
2024-08-11 16:10:37,152 DEBUG o.s.s.w.FilterChainProxy [http-nio-8080-exec-9] Securing OPTIONS /api/auth/login
2024-08-11 16:10:37,159 DEBUG o.s.s.w.FilterChainProxy [http-nio-8080-exec-1] Securing POST /api/auth/login
2024-08-11 16:10:37,514 DEBUG o.s.s.w.FilterChainProxy [http-nio-8080-exec-1] Secured POST /api/auth/login
2024-08-11 16:10:37,765 DEBUG o.s.s.a.d.AbstractUserDetailsAuthenticationProvider [http-nio-8080-exec-1] Authenticated user
